This file contains any messages produced by compilers while
running configure, to aid debugging if configure makes a mistake.

It was created by simple-egl-leak configure 1.0.0, which was
generated by GNU Autoconf 2.69.  Invocation command line was

  $ ./configure --target=aarch64-poky-linux --host=aarch64-poky-linux --build=x86_64-linux --with-libtool-sysroot=/home/warq/poky-toolchain/poky-H3-M3-M3N/sysroots/aarch64-poky-linux

## --------- ##
## Platform. ##
## --------- ##

hostname = Vietnam-4485
uname -m = x86_64
uname -r = 5.15.133.1-microsoft-standard-WSL2
uname -s = Linux
uname -v = #1 SMP Thu Oct 5 21:02:42 UTC 2023

/usr/bin/uname -p = x86_64
/bin/uname -X     = unknown

/bin/arch              = x86_64
/usr/bin/arch -k       = unknown
/usr/convex/getsysinfo = unknown
/usr/bin/hostinfo      = unknown
/bin/machine           = unknown
/usr/bin/oslevel       = unknown
/bin/universe          = unknown

PATH: /home/warq/poky-toolchain/poky-H3-M3-M3N/sysroots/x86_64-pokysdk-linux/usr/bin
PATH: /home/warq/poky-toolchain/poky-H3-M3-M3N/sysroots/x86_64-pokysdk-linux/usr/sbin
PATH: /home/warq/poky-toolchain/poky-H3-M3-M3N/sysroots/x86_64-pokysdk-linux/bin
PATH: /home/warq/poky-toolchain/poky-H3-M3-M3N/sysroots/x86_64-pokysdk-linux/sbin
PATH: /home/warq/poky-toolchain/poky-H3-M3-M3N/sysroots/x86_64-pokysdk-linux/usr/bin/../x86_64-pokysdk-linux/bin
PATH: /home/warq/poky-toolchain/poky-H3-M3-M3N/sysroots/x86_64-pokysdk-linux/usr/bin/aarch64-poky-linux
PATH: /home/warq/poky-toolchain/poky-H3-M3-M3N/sysroots/x86_64-pokysdk-linux/usr/bin/aarch64-poky-linux-musl
PATH: /home/warq/poky-toolchain/poky-H3-M3-M3N/sysroots/x86_64-pokysdk-linux/usr/bin
PATH: /home/warq/poky-toolchain/poky-H3-M3-M3N/sysroots/x86_64-pokysdk-linux/usr/sbin
PATH: /home/warq/poky-toolchain/poky-H3-M3-M3N/sysroots/x86_64-pokysdk-linux/bin
PATH: /home/warq/poky-toolchain/poky-H3-M3-M3N/sysroots/x86_64-pokysdk-linux/sbin
PATH: /home/warq/poky-toolchain/poky-H3-M3-M3N/sysroots/x86_64-pokysdk-linux/usr/bin/../x86_64-pokysdk-linux/bin
PATH: /home/warq/poky-toolchain/poky-H3-M3-M3N/sysroots/x86_64-pokysdk-linux/usr/bin/aarch64-poky-linux
PATH: /home/warq/poky-toolchain/poky-H3-M3-M3N/sysroots/x86_64-pokysdk-linux/usr/bin/aarch64-poky-linux-musl
PATH: /usr/local/sbin
PATH: /usr/local/bin
PATH: /usr/sbin
PATH: /usr/bin
PATH: /sbin
PATH: /bin
PATH: /usr/games
PATH: /usr/local/games
PATH: /usr/lib/wsl/lib
PATH: /mnt/c/Windows/system32
PATH: /mnt/c/Windows
PATH: /mnt/c/Windows/System32/Wbem
PATH: /mnt/c/Windows/System32/WindowsPowerShell/v1.0/
PATH: /mnt/c/Windows/System32/OpenSSH/
PATH: /mnt/c/Program Files/Microsoft VS Code/bin
PATH: /mnt/c/Program Files/PuTTY/
PATH: /mnt/c/Users/qminhpham/AppData/Local/Microsoft/WindowsApps
PATH: /snap/bin


## ----------- ##
## Core tests. ##
## ----------- ##

configure:2304: loading site script /home/warq/poky-toolchain/poky-H3-M3-M3N/site-config-aarch64-poky-linux
| ac_cv_c_littleendian=${ac_cv_c_littleendian=yes}
| ac_cv_c_bigendian=${ac_cv_c_bigendian=no}
| 
| # libnet
| ac_cv_libnet_endianess=${ac_cv_libnet_endianess=lil}
| 
| # libmemcached
| ac_cv_c_endian=little
| # general
| ac_cv_va_val_copy=${ac_cv_va_val_copy=yes}
| ac_cv_func_lstat_dereferences_slashed_symlink=${ac_cv_func_lstat_dereferences_slashed_symlink=yes}
| ac_cv_func_lstat_empty_string_bug=${ac_cv_func_lstat_empty_string_bug=no}
| ac_cv_func_stat_empty_string_bug=${ac_cv_func_stat_empty_string_bug=no}
| ac_cv_func_stat_ignores_trailing_slash=${ac_cv_func_stat_ignores_trailing_slash=no}
| 
| # bash
| ac_cv_c_long_double=${ac_cv_c_long_double=yes}
| bash_cv_func_sigsetjmp=${bash_cv_func_sigsetjmp=missing}
| 
| # coreutils
| utils_cv_sys_open_max=${utils_cv_sys_open_max=1019}
| 
| # cvs
| cvs_cv_func_printf_ptr=${cvs_cv_func_printf_ptr=yes}
| 
| # db (sleepycat)
| db_cv_fcntl_f_setfd=${db_cv_fcntl_f_setfd=yes}
| db_cv_sprintf_count=${db_cv_sprintf_count=yes}
| db_cv_align_t=${db_cv_align_t='unsigned long long'}
| db_cv_alignp_t=${db_cv_alignp_t='unsigned long'}
| 
| # D-BUS
| ac_cv_func_posix_getpwnam_r=${ac_cv_func_posix_getpwnam_r=yes}
| 
| # edb
| db_cv_spinlocks=${db_cv_spinlocks=no}
| 
| # ettercap
| ettercap_cv_type_socklen_t=${ettercap_cv_type_socklen_t=yes}
| 
| # fget
| compat_cv_func_snprintf_works=${compat_cv_func_snprintf_works=yes}
| compat_cv_func_basename_works=${compat_cv_func_basename_works=no}
| compat_cv_func_dirname_works=${compat_cv_func_dirname_works=no}
| 
| # fnmatch
| ac_cv_func_fnmatch_works=${ac_cv_func_fnmatch_works=yes}
| 
| # gettext
| am_cv_func_working_getline=${am_cv_func_working_getline=yes}
| 
| # glib
| glib_cv_stack_grows=${glib_cv_stack_grows=no}
| glib_cv_uscore=${glib_cv_uscore=no}
| glib_cv_use_pid_surrogate=${glib_cv_use_pid_surrogate=yes}
| glib_cv_has__inline=${glib_cv_has__inline=yes}
| glib_cv_has__inline__=${glib_cv_has__inline__=yes}
| glib_cv_hasinline=${glib_cv_hasinline=yes}
| glib_cv_sane_realloc=${glib_cv_sane_realloc=yes}
| glib_cv_uscore=${glib_cv_uscore=no}
| glib_cv_va_val_copy=${glib_cv_va_val_copy=yes}
| glib_cv_rtldglobal_broken=${glib_cv_rtldglobal_broken=no}
| glib_cv_sys_pthread_mutex_trylock_posix=${glib_cv_sys_pthread_mutex_trylock_posix=yes}
| glib_cv_sys_pthread_getspecific_posix=${glib_cv_sys_pthread_getspecific_posix=yes}
| glib_cv_sys_pthread_cond_timedwait_posix=${glib_cv_sys_pthread_cond_timedwait_posix=yes}
| 
| # glib-2.0
| glib_cv_long_long_format=${glib_cv_long_long_format=ll}
| glib_cv_sys_use_pid_niceness_surrogate=${glib_cv_sys_use_pid_niceness_surrogate=yes}
| 
| #gstreamer
| as_cv_unaligned_access=${as_cv_unaligned_access=no}
| 
| # httppc
| ac_cv_strerror_r_SUSv3=${ac_cv_strerror_r_SUSv3=no}
| 
| # lftp
| ac_cv_need_trio=${ac_cv_need_trio=no}
| lftp_cv_va_val_copy=${lftp_cv_va_val_copy=yes}
| 
| # libesmtp
| acx_working_snprintf=${acx_working_snprintf=yes}
| 
| # libidl
| libIDL_cv_long_long_format=${libIDL_cv_long_long_format=ll}
| 
| # libnet 
| ac_libnet_have_packet_socket=${ac_libnet_have_packet_socket=yes}
| 
| # libpcap
| ac_cv_linux_vers=${ac_cv_linux_vers=2}
| 
| # libxfce4util
| with_broken_putenv=${with_broken_putenv=no}
| 
| # links
| ac_cv_lib_png_png_create_info_struct=${ac_cv_lib_png_png_create_info_struct=yes}
| 
| # mysql
| mysql_cv_func_atomic_sub=${mysql_cv_func_atomic_sub=no}
| mysql_cv_func_atomic_add=${mysql_cv_func_atomic_add=no}
| 
| # nano
| ac_cv_regexec_segfault_emptystr=${ac_cv_regexec_segfault_emptystr=no}
| nano_cv_func_regexec_segv_emptystr=${nano_cv_func_regexec_segv_emptystr=no}
| 
| # php
| ac_cv_pread=${ac_cv_pread=no}
| ac_cv_pwrite=${ac_cv_pwrite=no}
| php_cv_lib_cookie_io_functions_use_off64_t=${php_cv_lib_cookie_io_functions_use_off64_t=yes}
| 
| # rsync
| rsync_cv_HAVE_BROKEN_LARGEFILE=${rsync_cv_HAVE_BROKEN_LARGEFILE=no}
| rsync_cv_HAVE_SOCKETPAIR=${rsync_cv_HAVE_SOCKETPAIR=yes}
| rsync_cv_HAVE_LONGLONG=${rsync_cv_HAVE_LONGLONG=yes}
| rsync_cv_HAVE_OFF64_T=${rsync_cv_HAVE_OFF64_T=no}
| rsync_cv_HAVE_SHORT_INO_T=${rsync_cv_HAVE_SHORT_INO_T=no}
| rsync_cv_HAVE_UNSIGNED_CHAR=${rsync_cv_HAVE_UNSIGNED_CHAR=no}
| rsync_cv_HAVE_BROKEN_READDIR=${rsync_cv_HAVE_BROKEN_READDIR=no}
| rsync_cv_HAVE_GETTIMEOFDAY_TZ=${rsync_cv_HAVE_GETTIMEOFDAY_TZ=yes}
| rsync_cv_HAVE_SECURE_MKSTEMP=${rsync_cv_HAVE_SECURE_MKSTEMP=yes}
| rsync_cv_REPLACE_INET_NTOA=${rsync_cv_REPLACE_INET_NTOA=no}
| rsync_cv_REPLACE_INET_ATON=${rsync_cv_REPLACE_INET_ATON=no}
| 
| # screen
| screen_cv_sys_bcopy_overlap=${screen_cv_sys_bcopy_overlap=no}
| screen_cv_sys_memcpy_overlap=${screen_cv_sys_memcpy_overlap=no}
| screen_cv_sys_memmove_overlap=${screen_cv_sys_memmove_overlap=no}
| screen_cv_sys_fifo_broken_impl=${screen_cv_sys_fifo_broken_impl=yes}
| screen_cv_sys_fifo_usable=${screen_cv_sys_fifo_usable=yes}
| screen_cv_sys_select_broken_retval=${screen_cv_sys_select_broken_retval=no}
| screen_cv_sys_sockets_nofs=${screen_cv_sys_sockets_nofs=no}
| screen_cv_sys_sockets_usable=${screen_cv_sys_sockets_usable=yes}
| screen_cv_sys_terminfo_used=${screen_cv_sys_terminfo_used=yes}
| 
| # slrn
| slrn_cv_va_val_copy=${slrn_cv_va_val_copy=yes}
| 
| # socat
| ac_cv_ispeed_offset=${ac_cv_ispeed_offset=13}
| sc_cv_termios_ispeed=${sc_cv_termios_ispeed=yes}
| 
| # ssh
| ac_cv_have_space_d_name_in_struct_dirent=${ac_cv_dirent_have_space_d_name=yes}
| ac_cv_have_broken_snprintf=${ac_cv_have_broken_snprintf=no}
| ac_cv_have_accrights_in_msghdr=${ac_cv_have_accrights_in_msghdr=no}
| ac_cv_have_control_in_msghdr=${ac_cv_have_control_in_msghdr=yes}
| ac_cv_have_openpty_ctty_bug=${ac_cv_have_openpty_ctty_bug=yes}
| 
| # startup-notification
| lf_cv_sane_realloc=yes
| 
| # xffm
| jm_cv_func_working_readdir=yes
| 
| # evolution-data-server
| ac_cv_libiconv_utf8=${ac_cv_libiconv_utf8=yes}
| 
| # definitions assuming 64-bit arm architecture
| 
| # general
| ac_cv_sizeof_wchar_t=4
| ac_cv_sizeof_size_t=8
| ac_cv_sizeof_ssize_t=8
| ac_cv_alignof_char=1
| ac_cv_alignof_double=8
| 
| # glib
| #glib_cv_sizeof_gmutex=${glib_cv_sizeof_gmutex=24}
| #glib_cv_sizeof_system_thread=${glib_cv_sizeof_system_thread=4}
| #glib_cv_sizeof_gmutex=${glib_cv_sizeof_gmutex=24}
| 
| # glib-2.0
| #glib_cv_sizeof_gmutex=${glib_cv_sizeof_gmutex=24}
| #glib_cv_sizeof_intmax_t=${glib_cv_sizeof_intmax_t=8}
| #glib_cv_sizeof_ptrdiff_t=${glib_cv_sizeof_ptrdiff_t=4}
| #glib_cv_sizeof_size_t=${glib_cv_sizeof_size_t=4}
| #glib_cv_sizeof_system_thread=${glib_cv_sizeof_system_thread=4}
| ac_cv_alignof_guint32=4
| ac_cv_alignof_guint64=8
| ac_cv_alignof_unsigned_long=8
| 
| # ORBit2 (should be in meta-gnome/site/arm-64)
| #ac_cv_alignof_CORBA_boolean=1
| #ac_cv_alignof_CORBA_char=1
| #ac_cv_alignof_CORBA_double=8
| #ac_cv_alignof_CORBA_float=4
| #ac_cv_alignof_CORBA_long=4
| #ac_cv_alignof_CORBA_long_double=8
| #ac_cv_alignof_CORBA_long_long=8
| #ac_cv_alignof_CORBA_octet=1
| #ac_cv_alignof_CORBA_pointer=4
| #ac_cv_alignof_CORBA_short=2
| #ac_cv_alignof_CORBA_struct=1
| #ac_cv_alignof_CORBA_wchar=2
| 
| # at-spi2-core
| ac_cv_alignof_dbind_pointer=8
| ac_cv_alignof_dbind_struct=1
| ac_cv_alignof_dbus_bool_t=4
| ac_cv_alignof_dbus_int16_t=2
| ac_cv_alignof_dbus_int32_t=4
| ac_cv_alignof_dbus_int64_t=8
| 
| # gettext - these add sleep delays otherwise
| gl_cv_func_sleep_works=${gl_cv_func_sleep_works=yes}
| gl_cv_header_working_fcntl_h=${gl_cv_header_working_fcntl_h=yes}
| 
| # apr
| ac_cv_file__dev_zero=${ac_cv_file__dev_zero=yes}
| ac_cv_sizeof_pid_t=${ac_cv_sizeof_pid_t=4}
| ac_cv_func_pthread_key_delete=${ac_cv_func_pthread_key_delete=yes}
| apr_cv_tcp_nodelay_with_cork=${apr_cv_tcp_nodelay_with_cork=yes}
| apr_cv_process_shared_works=${apr_cv_process_shared_works=no}
| 
| # samba
| samba_cv_HAVE_IFACE_AIX=${samba_cv_HAVE_IFACE_AIX=no}
| samba_cv_HAVE_IFACE_IFCONF=${samba_cv_HAVE_IFACE_IFCONF=yes}
| samba_cv_HAVE_IFACE_IFREQ=${samba_cv_HAVE_IFACE_IFREQ=yes}
| samba_cv_HAVE_IRIX_SPECIFIC_CAPABILITIES=${samba_cv_HAVE_IRIX_SPECIFIC_CAPABILITIES=no}
| 
| # db
| db_cv_path_ar=${db_cv_path_ar=/usr/bin/ar}
| db_cv_path_chmod=${db_cv_path_chmod=/bin/chmod}
| db_cv_path_cp=${db_cv_path_cp=/bin/cp}
| db_cv_path_ln=${db_cv_path_ln=/bin/ln}
| db_cv_path_mkdir=${db_cv_path_mkdir=/bin/mkdir}
| db_cv_path_ranlib=${db_cv_path_ranlib=/usr/bin/ranlib}
| db_cv_path_rm=${db_cv_path_rm=/bin/rm}
| db_cv_path_sh=${db_cv_path_sh=/bin/sh}
| db_cv_path_strip=${db_cv_path_strip=/usr/bin/strip}
| 
| # bash
| bash_cv_have_mbstate_t=${bash_cv_have_mbstate_t=yes}
| bash_cv_must_reinstall_sighandlers=${bash_cv_must_reinstall_sighandlers=no}
| bash_cv_func_strcoll_broken=${bash_cv_func_strcoll_broken=no}
| bash_cv_dup2_broken=${bash_cv_dup2_broken=no}
| bash_cv_opendir_not_robust=${bash_cv_opendir_not_robust=no}
| bash_cv_type_rlimit=${bash_cv_type_rlimit=rlim_t}
| bash_cv_getenv_redef=${bash_cv_getenv_redef=yes}
| bash_cv_ulimit_maxfds=${bash_cv_ulimit_maxfds=yes}
| bash_cv_getcwd_calls_popen=${bash_cv_getcwd_calls_popen=no}
| bash_cv_printf_a_format=${bash_cv_printf_a_format=yes}
| bash_cv_pgrp_pipe=${bash_cv_pgrp_pipe=no}
| bash_cv_job_control_missing=${bash_cv_job_control_missing=present}
| bash_cv_sys_named_pipes=${bash_cv_sys_named_pipes=present}
| bash_cv_unusable_rtsigs=${bash_cv_unusable_rtsigs=no}
| 
| # ccache
| hw_cv_func_snprintf_c99=${hw_cv_func_snprintf_c99=yes}
| hw_cv_func_vsnprintf_c99=${hw_cv_func_vsnprintf_c99=yes}
| 
| # coreutils
| ac_cv_func_chown_works=${ac_cv_func_chown_works=yes}
| ac_cv_func_utime_null=${ac_cv_func_utime_null=yes}
| gl_cv_func_fstatat_zero_flag=${gl_cv_func_fstatat_zero_flag=yes}
| gl_cv_func_link_follows_symlink=${gl_cv_func_link_follows_symlink=no}
| gl_cv_func_unlink_busy_text=${gl_cv_func_unlink_busy_text=yes}
| gl_cv_have_proc_uptime=${gl_cv_have_proc_uptime=yes}
| gl_cv_pipes_are_fifos=${gl_cv_pipes_are_fifos='yes (1)'}
| 
| # mysql
| ac_cv_sys_restartable_syscalls=${ac_cv_sys_restartable_syscalls=yes}
| ac_cv_conv_longlong_to_float=${ac_cv_conv_longlong_to_float=yes}
| 
| # TCL
| tcl_cv_api_serial=${tcl_cv_api_serial=termios}
| 
| # python
| ac_cv_have_long_long_format=yes
| 
| # apache
| ac_cv_o_nonblock_inherited=${ac_cv_o_nonblock_inherited=no}
| 
| # rsync
| rsync_cv_HAVE_C99_VSNPRINTF=${rsync_cv_HAVE_C99_VSNPRINTF=yes}
| # general
| ac_cv_func_calloc_0_nonnull=${ac_cv_func_calloc_0_nonnull=yes}
| ac_cv_func_realloc_works=${ac_cv_func_realloc_works=yes}
| ac_cv_func_realloc_0_nonnull=${ac_cv_func_realloc_0_nonnull=yes}
| ac_cv_func_malloc_works=${ac_cv_func_malloc_works=yes}
| ac_cv_func_malloc_0_nonnull=${ac_cv_func_malloc_0_nonnull=yes}
| ac_cv_func_memcmp_working=${ac_cv_func_memcmp_working=yes}
| ac_cv_func_getpgrp_void=yes
| ac_cv_func_setpgrp_void=yes
| ac_cv_func_setgrent_void=yes
| ac_cv_func_getgrgid_r=${ac_cv_func_getgrgid_r=yes}
| ac_cv_func_getpwuid_r=${ac_cv_func_getpwuid_r=yes}
| ac_cv_func_posix_getpwuid_r=${ac_cv_func_posix_getpwuid_r=yes}
| ac_cv_func_posix_getgrgid_r=${ac_cv_func_posix_getgrgid_r=yes}
| ac_cv_type_uid_t={ac_cv_type_uid_t=yes}
| ac_cv_func_getaddrinfo=${ac_cv_func_getaddrinfo=yes}
| ac_cv_func_strtod=${ac_cv_func_strtod=yes}
| 
| # bash
| bash_cv_getcwd_malloc=${bash_cv_getcwd_malloc=yes}
| 
| # clamav
| clamav_av_func_working_snprintf_long=${clamav_av_func_working_snprintf_long=yes}
| clamav_av_have_in_port_t=${clamav_av_have_in_port_t=yes}
| clamav_av_have_in_addr_t=${clamav_av_have_in_addr_t=yes}
| ac_cv_func_mmap_fixed_mapped=${ac_cv_func_mmap_fixed_mapped=yes}
| 
| # coreutils
| fu_cv_sys_stat_statfs2_bsize=${fu_cv_sys_stat_statfs2_bsize=yes}
| gl_cv_func_getcwd_abort_bug=${gl_cv_func_getcwd_abort_bug=no}
| gl_cv_func_getcwd_null=${gl_cv_func_getcwd_null=yes}
| gl_cv_func_getcwd_path_max=${gl_cv_func_getcwd_path_max=yes}
| ac_cv_func_getgroups_works=${ac_cv_func_getgroups_works=yes}
| gl_cv_func_nanosleep=${gl_cv_func_nanosleep='no (mishandles large arguments)'}
| gl_cv_func_working_mkstemp=${gl_cv_func_working_mkstemp=yes}
| gl_cv_func_working_mktime=${gl_cv_func_working_mktime=yes}
| gl_cv_func_working_utimes=${gl_cv_func_working_utimes=yes}
| 
| # glib
| glib_cv_strlcpy=${glib_cv_strlcpy=no}
| ac_cv_func_printf_unix98=${ac_cv_func_printf_unix98=yes}
| ac_cv_func_snprintf_c99=${ac_cv_func_snprintf_c99=yes}
| ac_cv_func_vsnprintf_c99=${ac_cv_func_vsnprintf_c99=yes}
| glib_cv_compliant_posix_memalign=${glib_cv_compliant_posix_memalign=1}
| glib_cv_long_long_format=${glib_cv_long_long_format=ll}
| # glib-1.x requires this and pkgconfig-native / pkgconfig-nativesdk use
| # that to avoid a dependency loop.
| glib_cv___va_copy=${glib_cv___va_copy=yes}
| glib_cv_va_copy=${glib_cv_va_copy=yes}
| glib_cv_have_qsort_r=${glib_cv_have_qsort_r=yes}
| 
| #dbus-glib
| ac_cv_have_abstract_sockets=${ac_cv_have_abstract_sockets=yes}
| 
| # gnucash
| am_cv_scanf_lld=${am_cv_scanf_lld=yes}
| 
| # guile
| ac_cv_func_pthread_attr_getstack=${ac_cv_func_pthread_attr_getstack=yes}
| 
| #gcc-zlib
| ac_cv_func_getpagesize=${ac_cv_func_getpagesize=yes}
| ac_cv_func_memcpy=${ac_cv_func_memcpy=yes}
| ac_cv_func_strerror=${ac_cv_func_strerror=yes}
| 
| # squid
| ac_cv_af_unix_large_dgram=${ac_cv_af_unix_large_dgram=yes}
| ac_cv_func_setresuid=${ac_cv_func_setresuid=yes}
| ac_cv_func_va_copy=${ac_cv_func_va_copy=yes}
| ac_cv_func___va_copy=${ac_cv_func___va_copy=yes}
| ac_cv_epoll_works=${ac_cv_epoll_works=yes}
| 
| ac_cv_check_sjlj=ssjlj
| 
| # m4
| gt_cv_locale_fr=${gt_cv_locale_fr=fr_FR}
| gl_cv_func_btowc_eof=${gl_cv_func_btowc_eof=yes}
| gl_cv_func_wcrtomb_retval=${gl_cv_func_wcrtomb_retval=yes}
| gl_cv_func_wctob_works=${gl_cv_func_wctob_works=yes}
| gl_cv_func_mbrtowc_incomplete_state=${gl_cv_func_mbrtowc_incomplete_state=yes}
| gl_cv_func_mbrtowc_sanitycheck=${gl_cv_func_mbrtowc_sanitycheck=yes}
| gl_cv_func_mbrtowc_null_arg=${gl_cv_func_mbrtowc_null_arg=yes}
| gl_cv_func_mbrtowc_retval=${gl_cv_func_mbrtowc_retval=yes}
| gl_cv_func_mbrtowc_nul_retval=${gl_cv_func_mbrtowc_nul_retval=yes}
| 
| # va_copy and _va_copy
| ac_cv_va_copy=${ac_cv_va_copy=yes}
| ac_cv___va_copy=${ac_cv___va_copy=yes}
| ac_cv_func_va_copy=${ac_cv_func_va_copy=yes}
| ac_cv_func___va_copy=${ac_cv_func___va_copy=yes}
| 
| # Xorg
| xorg_cv_malloc0_returns_null=${xorg_cv_malloc0_returns_null=yes}
| # libelf
| mr_cv_target_elf=${mr_cv_target_elf=yes}
| 
| # Normally kernels have /dev/random enabled
| ac_cv_file__dev_random=${ac_cv_file__dev_random=yes}
| 
| # Avoid sudo to assume void for unsetenv in cross environment, or else it conflicts with
| # target stdlib.h prototype which follows POSIX compiliance. Mark for upstream.
| sudo_cv_func_unsetenv_void=no
| 
| # shadow dir info, to avoid searching build system
| shadow_cv_maildir=${localstatedir}/spool/mail
| shadow_cv_mailfile=Mailbox
| shadow_cv_utmpdir=${localstatedir}/run
| shadow_cv_logdir=${localstatedir}/log
| shadow_cv_passwd_dir=${bindir}
| 
| # python: deactivate a runtime check for ipv6-support in python >=2.7.1 that fails when cross-compiling
| ac_cv_buggy_getaddrinfo=no
| 
| ac_cv_path_SED=${ac_cv_path_SED=sed}
| 
| # General
| ac_cv_have_decl_sys_siglist=${ac_cv_have_decl_sys_siglist=no}
| 
| # bash
| bash_cv_under_sys_siglist=${bash_cv_under_sys_siglist=no}
| bash_cv_sys_siglist=${bash_cv_sys_siglist=no}
configure:2450: checking for a BSD-compatible install
configure:2518: result: /usr/bin/install -c
configure:2529: checking whether build environment is sane
configure:2544: result: yes
configure:2594: checking for aarch64-poky-linux-strip
configure:2621: result: aarch64-poky-linux-strip
configure:2686: checking for a thread-safe mkdir -p
configure:2725: result: /usr/bin/mkdir -p
configure:2732: checking for gawk
configure:2748: found /usr/bin/gawk
configure:2759: result: gawk
configure:2770: checking whether make sets $(MAKE)
configure:2792: result: yes
configure:2821: checking whether make supports nested variables
configure:2838: result: yes
configure:2995: checking build system type
configure:3009: result: x86_64-pc-linux-gnu
configure:3029: checking host system type
configure:3042: result: aarch64-poky-linux-gnu
configure:3083: checking how to print strings
configure:3110: result: printf
configure:3135: checking whether make supports the include directive
configure:3150: make -f confmf.GNU && cat confinc.out
this is the am__doit target
configure:3153: $? = 0
configure:3172: result: yes (GNU style)
configure:3202: checking for aarch64-poky-linux-gcc
configure:3229: result: aarch64-poky-linux-gcc  -march=armv8-a -mtune=cortex-a57.cortex-a53 -fstack-protector-strong  -D_FORTIFY_SOURCE=2 -Wformat -Wformat-security -Werror=format-security --sysroot=/home/warq/poky-toolchain/poky-H3-M3-M3N/sysroots/aarch64-poky-linux
configure:3498: checking for C compiler version
configure:3507: aarch64-poky-linux-gcc  -march=armv8-a -mtune=cortex-a57.cortex-a53 -fstack-protector-strong  -D_FORTIFY_SOURCE=2 -Wformat -Wformat-security -Werror=format-security --sysroot=/home/warq/poky-toolchain/poky-H3-M3-M3N/sysroots/aarch64-poky-linux --version >&5
aarch64-poky-linux-gcc (GCC) 9.3.0
Copyright (C) 2019 Free Software Foundation, Inc.
This is free software; see the source for copying conditions.  There is NO
warranty; not even for MERCHANTABILITY or FITNESS FOR A PARTICULAR PURPOSE.

configure:3518: $? = 0
configure:3507: aarch64-poky-linux-gcc  -march=armv8-a -mtune=cortex-a57.cortex-a53 -fstack-protector-strong  -D_FORTIFY_SOURCE=2 -Wformat -Wformat-security -Werror=format-security --sysroot=/home/warq/poky-toolchain/poky-H3-M3-M3N/sysroots/aarch64-poky-linux -v >&5
Using built-in specs.
COLLECT_GCC=aarch64-poky-linux-gcc
COLLECT_LTO_WRAPPER=/home/warq/poky-toolchain/poky-H3-M3-M3N/sysroots/x86_64-pokysdk-linux/usr/libexec/aarch64-poky-linux/gcc/aarch64-poky-linux/9.3.0/lto-wrapper
Target: aarch64-poky-linux
Configured with: ../../../../../../work-shared/gcc-9.3.0-r0/gcc-9.3.0/configure --build=x86_64-linux --host=x86_64-pokysdk-linux --target=aarch64-poky-linux --prefix=/usr/local/oe-sdk-hardcoded-buildpath/sysroots/x86_64-pokysdk-linux/usr --exec_prefix=/usr/local/oe-sdk-hardcoded-buildpath/sysroots/x86_64-pokysdk-linux/usr --bindir=/usr/local/oe-sdk-hardcoded-buildpath/sysroots/x86_64-pokysdk-linux/usr/bin/aarch64-poky-linux --sbindir=/usr/local/oe-sdk-hardcoded-buildpath/sysroots/x86_64-pokysdk-linux/usr/bin/aarch64-poky-linux --libexecdir=/usr/local/oe-sdk-hardcoded-buildpath/sysroots/x86_64-pokysdk-linux/usr/libexec/aarch64-poky-linux --datadir=/usr/local/oe-sdk-hardcoded-buildpath/sysroots/x86_64-pokysdk-linux/usr/share --sysconfdir=/usr/local/oe-sdk-hardcoded-buildpath/sysroots/x86_64-pokysdk-linux/etc --sharedstatedir=/usr/local/oe-sdk-hardcoded-buildpath/sysroots/x86_64-pokysdk-linux/com --localstatedir=/usr/local/oe-sdk-hardcoded-buildpath/sysroots/x86_64-pokysdk-linux/var --libdir=/usr/local/oe-sdk-hardcoded-buildpath/sysroots/x86_64-pokysdk-linux/usr/lib/aarch64-poky-linux --includedir=/usr/local/oe-sdk-hardcoded-buildpath/sysroots/x86_64-pokysdk-linux/usr/include --oldincludedir=/usr/local/oe-sdk-hardcoded-buildpath/sysroots/x86_64-pokysdk-linux/usr/include --infodir=/usr/local/oe-sdk-hardcoded-buildpath/sysroots/x86_64-pokysdk-linux/usr/share/info --mandir=/usr/local/oe-sdk-hardcoded-buildpath/sysroots/x86_64-pokysdk-linux/usr/share/man --disable-silent-rules --disable-dependency-tracking --with-libtool-sysroot=/mnt/yocto1/nguyenbaonguyen/Gen3_Maintenance/H3/build/tmp/work/x86_64-nativesdk-pokysdk-linux/gcc-cross-canadian-aarch64/9.3.0-r0/recipe-sysroot --with-gnu-ld --enable-shared --enable-languages=c,c++ --enable-threads=posix --enable-multilib --enable-default-pie --enable-c99 --enable-long-long --enable-symvers=gnu --enable-libstdcxx-pch --program-prefix=aarch64-poky-linux- --without-local-prefix --disable-install-libiberty --enable-lto --disable-libssp --enable-libitm --disable-bootstrap --disable-libmudflap --with-system-zlib --with-linker-hash-style=gnu --enable-linker-build-id --with-ppl=no --with-cloog=no --enable-checking=release --enable-cheaders=c_global --without-isl --with-gxx-include-dir=/not/exist/usr/include/c++/9.3.0 --with-build-time-tools=/mnt/yocto1/nguyenbaonguyen/Gen3_Maintenance/H3/build/tmp/work/x86_64-nativesdk-pokysdk-linux/gcc-cross-canadian-aarch64/9.3.0-r0/recipe-sysroot-native/usr/aarch64-poky-linux/bin --with-sysroot=/not/exist --with-build-sysroot=/mnt/yocto1/nguyenbaonguyen/Gen3_Maintenance/H3/build/tmp/work/x86_64-nativesdk-pokysdk-linux/gcc-cross-canadian-aarch64/9.3.0-r0/recipe-sysroot --enable-poison-system-directories --disable-static --enable-nls --with-glibc-version=2.28 --enable-initfini-array --enable-__cxa_atexit
Thread model: posix
gcc version 9.3.0 (GCC) 
configure:3518: $? = 0
configure:3507: aarch64-poky-linux-gcc  -march=armv8-a -mtune=cortex-a57.cortex-a53 -fstack-protector-strong  -D_FORTIFY_SOURCE=2 -Wformat -Wformat-security -Werror=format-security --sysroot=/home/warq/poky-toolchain/poky-H3-M3-M3N/sysroots/aarch64-poky-linux -V >&5
aarch64-poky-linux-gcc: error: unrecognized command line option '-V'
aarch64-poky-linux-gcc: fatal error: no input files
compilation terminated.
configure:3518: $? = 1
configure:3507: aarch64-poky-linux-gcc  -march=armv8-a -mtune=cortex-a57.cortex-a53 -fstack-protector-strong  -D_FORTIFY_SOURCE=2 -Wformat -Wformat-security -Werror=format-security --sysroot=/home/warq/poky-toolchain/poky-H3-M3-M3N/sysroots/aarch64-poky-linux -qversion >&5
aarch64-poky-linux-gcc: error: unrecognized command line option '-qversion'; did you mean '--version'?
aarch64-poky-linux-gcc: fatal error: no input files
compilation terminated.
configure:3518: $? = 1
configure:3538: checking whether the C compiler works
configure:3560: aarch64-poky-linux-gcc  -march=armv8-a -mtune=cortex-a57.cortex-a53 -fstack-protector-strong  -D_FORTIFY_SOURCE=2 -Wformat -Wformat-security -Werror=format-security --sysroot=/home/warq/poky-toolchain/poky-H3-M3-M3N/sysroots/aarch64-poky-linux  -O2 -pipe -g -feliminate-unused-debug-types   -Wl,-O1 -Wl,--hash-style=gnu -Wl,--as-needed -fstack-protector-strong -Wl,-z,relro,-z,now conftest.c  >&5
configure:3564: $? = 0
configure:3612: result: yes
configure:3615: checking for C compiler default output file name
configure:3617: result: a.out
configure:3623: checking for suffix of executables
configure:3630: aarch64-poky-linux-gcc  -march=armv8-a -mtune=cortex-a57.cortex-a53 -fstack-protector-strong  -D_FORTIFY_SOURCE=2 -Wformat -Wformat-security -Werror=format-security --sysroot=/home/warq/poky-toolchain/poky-H3-M3-M3N/sysroots/aarch64-poky-linux -o conftest  -O2 -pipe -g -feliminate-unused-debug-types   -Wl,-O1 -Wl,--hash-style=gnu -Wl,--as-needed -fstack-protector-strong -Wl,-z,relro,-z,now conftest.c  >&5
configure:3634: $? = 0
configure:3656: result: 
configure:3678: checking whether we are cross compiling
configure:3716: result: yes
configure:3721: checking for suffix of object files
configure:3743: aarch64-poky-linux-gcc  -march=armv8-a -mtune=cortex-a57.cortex-a53 -fstack-protector-strong  -D_FORTIFY_SOURCE=2 -Wformat -Wformat-security -Werror=format-security --sysroot=/home/warq/poky-toolchain/poky-H3-M3-M3N/sysroots/aarch64-poky-linux -c  -O2 -pipe -g -feliminate-unused-debug-types   conftest.c >&5
configure:3747: $? = 0
configure:3768: result: o
configure:3772: checking whether we are using the GNU C compiler
configure:3791: aarch64-poky-linux-gcc  -march=armv8-a -mtune=cortex-a57.cortex-a53 -fstack-protector-strong  -D_FORTIFY_SOURCE=2 -Wformat -Wformat-security -Werror=format-security --sysroot=/home/warq/poky-toolchain/poky-H3-M3-M3N/sysroots/aarch64-poky-linux -c  -O2 -pipe -g -feliminate-unused-debug-types   conftest.c >&5
configure:3791: $? = 0
configure:3800: result: yes
configure:3809: checking whether aarch64-poky-linux-gcc  -march=armv8-a -mtune=cortex-a57.cortex-a53 -fstack-protector-strong  -D_FORTIFY_SOURCE=2 -Wformat -Wformat-security -Werror=format-security --sysroot=/home/warq/poky-toolchain/poky-H3-M3-M3N/sysroots/aarch64-poky-linux accepts -g
configure:3829: aarch64-poky-linux-gcc  -march=armv8-a -mtune=cortex-a57.cortex-a53 -fstack-protector-strong  -D_FORTIFY_SOURCE=2 -Wformat -Wformat-security -Werror=format-security --sysroot=/home/warq/poky-toolchain/poky-H3-M3-M3N/sysroots/aarch64-poky-linux -c -g  conftest.c >&5
configure:3829: $? = 0
configure:3870: result: yes
configure:3887: checking for aarch64-poky-linux-gcc  -march=armv8-a -mtune=cortex-a57.cortex-a53 -fstack-protector-strong  -D_FORTIFY_SOURCE=2 -Wformat -Wformat-security -Werror=format-security --sysroot=/home/warq/poky-toolchain/poky-H3-M3-M3N/sysroots/aarch64-poky-linux option to accept ISO C89
configure:3950: aarch64-poky-linux-gcc  -march=armv8-a -mtune=cortex-a57.cortex-a53 -fstack-protector-strong  -D_FORTIFY_SOURCE=2 -Wformat -Wformat-security -Werror=format-security --sysroot=/home/warq/poky-toolchain/poky-H3-M3-M3N/sysroots/aarch64-poky-linux  -c  -O2 -pipe -g -feliminate-unused-debug-types   conftest.c >&5
configure:3950: $? = 0
configure:3963: result: none needed
configure:3988: checking whether aarch64-poky-linux-gcc  -march=armv8-a -mtune=cortex-a57.cortex-a53 -fstack-protector-strong  -D_FORTIFY_SOURCE=2 -Wformat -Wformat-security -Werror=format-security --sysroot=/home/warq/poky-toolchain/poky-H3-M3-M3N/sysroots/aarch64-poky-linux understands -c and -o together
configure:4010: aarch64-poky-linux-gcc  -march=armv8-a -mtune=cortex-a57.cortex-a53 -fstack-protector-strong  -D_FORTIFY_SOURCE=2 -Wformat -Wformat-security -Werror=format-security --sysroot=/home/warq/poky-toolchain/poky-H3-M3-M3N/sysroots/aarch64-poky-linux -c conftest.c -o conftest2.o
configure:4013: $? = 0
configure:4010: aarch64-poky-linux-gcc  -march=armv8-a -mtune=cortex-a57.cortex-a53 -fstack-protector-strong  -D_FORTIFY_SOURCE=2 -Wformat -Wformat-security -Werror=format-security --sysroot=/home/warq/poky-toolchain/poky-H3-M3-M3N/sysroots/aarch64-poky-linux -c conftest.c -o conftest2.o
configure:4013: $? = 0
configure:4025: result: yes
configure:4044: checking dependency style of aarch64-poky-linux-gcc  -march=armv8-a -mtune=cortex-a57.cortex-a53 -fstack-protector-strong  -D_FORTIFY_SOURCE=2 -Wformat -Wformat-security -Werror=format-security --sysroot=/home/warq/poky-toolchain/poky-H3-M3-M3N/sysroots/aarch64-poky-linux
configure:4155: result: gcc3
configure:4170: checking for a sed that does not truncate output
configure:4234: result: sed
configure:4252: checking for grep that handles long lines and -e
configure:4310: result: /usr/bin/grep
configure:4315: checking for egrep
configure:4377: result: /usr/bin/grep -E
configure:4382: checking for fgrep
configure:4444: result: /usr/bin/grep -F
configure:4479: checking for ld used by aarch64-poky-linux-gcc  -march=armv8-a -mtune=cortex-a57.cortex-a53 -fstack-protector-strong  -D_FORTIFY_SOURCE=2 -Wformat -Wformat-security -Werror=format-security --sysroot=/home/warq/poky-toolchain/poky-H3-M3-M3N/sysroots/aarch64-poky-linux
configure:4546: result: aarch64-poky-linux-ld  --sysroot=/home/warq/poky-toolchain/poky-H3-M3-M3N/sysroots/aarch64-poky-linux
configure:4553: checking if the linker (aarch64-poky-linux-ld  --sysroot=/home/warq/poky-toolchain/poky-H3-M3-M3N/sysroots/aarch64-poky-linux) is GNU ld
configure:4568: result: yes
configure:4580: checking for BSD- or MS-compatible name lister (nm)
configure:4634: result: aarch64-poky-linux-nm
configure:4764: checking the name lister (aarch64-poky-linux-nm) interface
configure:4771: aarch64-poky-linux-gcc  -march=armv8-a -mtune=cortex-a57.cortex-a53 -fstack-protector-strong  -D_FORTIFY_SOURCE=2 -Wformat -Wformat-security -Werror=format-security --sysroot=/home/warq/poky-toolchain/poky-H3-M3-M3N/sysroots/aarch64-poky-linux -c  -O2 -pipe -g -feliminate-unused-debug-types   conftest.c >&5
configure:4774: aarch64-poky-linux-nm "conftest.o"
configure:4777: output
0000000000000000 B some_variable
configure:4778: result: BSD nm
configure:4781: checking whether ln -s works
configure:4785: result: yes
configure:4793: checking the maximum length of command line arguments
configure:4924: result: 1572864
configure:4972: checking how to convert x86_64-pc-linux-gnu file names to aarch64-poky-linux-gnu format
configure:5012: result: func_convert_file_noop
configure:5019: checking how to convert x86_64-pc-linux-gnu file names to toolchain format
configure:5039: result: func_convert_file_noop
configure:5046: checking for aarch64-poky-linux-ld  --sysroot=/home/warq/poky-toolchain/poky-H3-M3-M3N/sysroots/aarch64-poky-linux option to reload object files
configure:5053: result: -r
configure:5087: checking for aarch64-poky-linux-objdump
configure:5114: result: aarch64-poky-linux-objdump
configure:5186: checking how to recognize dependent libraries
configure:5386: result: pass_all
configure:5431: checking for aarch64-poky-linux-dlltool
configure:5461: result: no
configure:5471: checking for dlltool
configure:5501: result: no
configure:5531: checking how to associate runtime and link libraries
configure:5558: result: printf %s\n
configure:5575: checking for aarch64-poky-linux-ar
configure:5602: result: aarch64-poky-linux-ar
configure:5683: checking for archiver @FILE support
configure:5700: aarch64-poky-linux-gcc  -march=armv8-a -mtune=cortex-a57.cortex-a53 -fstack-protector-strong  -D_FORTIFY_SOURCE=2 -Wformat -Wformat-security -Werror=format-security --sysroot=/home/warq/poky-toolchain/poky-H3-M3-M3N/sysroots/aarch64-poky-linux -c  -O2 -pipe -g -feliminate-unused-debug-types   conftest.c >&5
configure:5700: $? = 0
configure:5703: aarch64-poky-linux-ar cru libconftest.a @conftest.lst >&5
aarch64-poky-linux-ar: `u' modifier ignored since `D' is the default (see `U')
configure:5706: $? = 0
configure:5711: aarch64-poky-linux-ar cru libconftest.a @conftest.lst >&5
aarch64-poky-linux-ar: `u' modifier ignored since `D' is the default (see `U')
aarch64-poky-linux-ar: conftest.o: No such file or directory
configure:5714: $? = 1
configure:5713: result: @
configure:5731: checking for aarch64-poky-linux-strip
configure:5758: result: aarch64-poky-linux-strip
configure:5830: checking for aarch64-poky-linux-ranlib
configure:5857: result: aarch64-poky-linux-ranlib
configure:5999: checking command to parse aarch64-poky-linux-nm output from aarch64-poky-linux-gcc  -march=armv8-a -mtune=cortex-a57.cortex-a53 -fstack-protector-strong  -D_FORTIFY_SOURCE=2 -Wformat -Wformat-security -Werror=format-security --sysroot=/home/warq/poky-toolchain/poky-H3-M3-M3N/sysroots/aarch64-poky-linux object
configure:6152: aarch64-poky-linux-gcc  -march=armv8-a -mtune=cortex-a57.cortex-a53 -fstack-protector-strong  -D_FORTIFY_SOURCE=2 -Wformat -Wformat-security -Werror=format-security --sysroot=/home/warq/poky-toolchain/poky-H3-M3-M3N/sysroots/aarch64-poky-linux -c  -O2 -pipe -g -feliminate-unused-debug-types   conftest.c >&5
configure:6155: $? = 0
configure:6159: aarch64-poky-linux-nm conftest.o \| sed -n -e 's/^.*[ ]\([ABCDGIRSTW][ABCDGIRSTW]*\)[ ][ ]*\([_A-Za-z][_A-Za-z0-9]*\)$/\1 \2 \2/p' | sed '/ __gnu_lto/d' \> conftest.nm
configure:6162: $? = 0
configure:6228: aarch64-poky-linux-gcc  -march=armv8-a -mtune=cortex-a57.cortex-a53 -fstack-protector-strong  -D_FORTIFY_SOURCE=2 -Wformat -Wformat-security -Werror=format-security --sysroot=/home/warq/poky-toolchain/poky-H3-M3-M3N/sysroots/aarch64-poky-linux -o conftest  -O2 -pipe -g -feliminate-unused-debug-types   -Wl,-O1 -Wl,--hash-style=gnu -Wl,--as-needed -fstack-protector-strong -Wl,-z,relro,-z,now conftest.c conftstm.o >&5
configure:6231: $? = 0
configure:6269: result: ok
configure:6316: checking for sysroot
configure:6351: result: /home/warq/poky-toolchain/poky-H3-M3-M3N/sysroots/aarch64-poky-linux
configure:6358: checking for a working dd
configure:6396: result: /usr/bin/dd
configure:6400: checking how to truncate binary pipes
configure:6415: result: /usr/bin/dd bs=4096 count=1
configure:6704: checking for aarch64-poky-linux-mt
configure:6734: result: no
configure:6744: checking for mt
configure:6760: found /usr/bin/mt
configure:6771: result: mt
configure:6783: WARNING: using cross tools not prefixed with host triplet
configure:6794: checking if mt is a manifest tool
configure:6800: mt '-?'
configure:6808: result: no
configure:7485: checking how to run the C preprocessor
configure:7555: result: aarch64-poky-linux-gcc -E  -march=armv8-a -mtune=cortex-a57.cortex-a53 -fstack-protector-strong  -D_FORTIFY_SOURCE=2 -Wformat -Wformat-security -Werror=format-security --sysroot=/home/warq/poky-toolchain/poky-H3-M3-M3N/sysroots/aarch64-poky-linux
configure:7575: aarch64-poky-linux-gcc -E  -march=armv8-a -mtune=cortex-a57.cortex-a53 -fstack-protector-strong  -D_FORTIFY_SOURCE=2 -Wformat -Wformat-security -Werror=format-security --sysroot=/home/warq/poky-toolchain/poky-H3-M3-M3N/sysroots/aarch64-poky-linux  conftest.c
In file included from /home/warq/poky-toolchain/poky-H3-M3-M3N/sysroots/aarch64-poky-linux/usr/include/bits/libc-header-start.h:33,
                 from /home/warq/poky-toolchain/poky-H3-M3-M3N/sysroots/aarch64-poky-linux/usr/include/limits.h:26,
                 from /home/warq/poky-toolchain/poky-H3-M3-M3N/sysroots/x86_64-pokysdk-linux/usr/lib/aarch64-poky-linux/gcc/aarch64-poky-linux/9.3.0/include-fixed/limits.h:194,
                 from /home/warq/poky-toolchain/poky-H3-M3-M3N/sysroots/x86_64-pokysdk-linux/usr/lib/aarch64-poky-linux/gcc/aarch64-poky-linux/9.3.0/include-fixed/syslimits.h:7,
                 from /home/warq/poky-toolchain/poky-H3-M3-M3N/sysroots/x86_64-pokysdk-linux/usr/lib/aarch64-poky-linux/gcc/aarch64-poky-linux/9.3.0/include-fixed/limits.h:34,
                 from conftest.c:12:
/home/warq/poky-toolchain/poky-H3-M3-M3N/sysroots/aarch64-poky-linux/usr/include/features.h:397:4: warning: #warning _FORTIFY_SOURCE requires compiling with optimization (-O) [-Wcpp]
  397 | #  warning _FORTIFY_SOURCE requires compiling with optimization (-O)
      |    ^~~~~~~
configure:7575: $? = 0
configure:7589: aarch64-poky-linux-gcc -E  -march=armv8-a -mtune=cortex-a57.cortex-a53 -fstack-protector-strong  -D_FORTIFY_SOURCE=2 -Wformat -Wformat-security -Werror=format-security --sysroot=/home/warq/poky-toolchain/poky-H3-M3-M3N/sysroots/aarch64-poky-linux  conftest.c
conftest.c:11:10: fatal error: ac_nonexistent.h: No such file or directory
   11 | #include <ac_nonexistent.h>
      |          ^~~~~~~~~~~~~~~~~~
compilation terminated.
configure:7589: $? = 1
configure: failed program was:
| /* confdefs.h */
| #define PACKAGE_NAME "simple-egl-leak"
| #define PACKAGE_TARNAME "simple-egl-leak"
| #define PACKAGE_VERSION "1.0.0"
| #define PACKAGE_STRING "simple-egl-leak 1.0.0"
| #define PACKAGE_BUGREPORT "https://www.renesas.com/"
| #define PACKAGE_URL ""
| #define PACKAGE "simple-egl-leak"
| #define VERSION "1.0.0"
| /* end confdefs.h.  */
| #include <ac_nonexistent.h>
configure:7618: checking for ANSI C header files
configure:7638: aarch64-poky-linux-gcc  -march=armv8-a -mtune=cortex-a57.cortex-a53 -fstack-protector-strong  -D_FORTIFY_SOURCE=2 -Wformat -Wformat-security -Werror=format-security --sysroot=/home/warq/poky-toolchain/poky-H3-M3-M3N/sysroots/aarch64-poky-linux -c  -O2 -pipe -g -feliminate-unused-debug-types   conftest.c >&5
configure:7638: $? = 0
In file included from /home/warq/poky-toolchain/poky-H3-M3-M3N/sysroots/aarch64-poky-linux/usr/include/bits/libc-header-start.h:33,
                 from /home/warq/poky-toolchain/poky-H3-M3-M3N/sysroots/aarch64-poky-linux/usr/include/string.h:26,
                 from conftest.c:11:
/home/warq/poky-toolchain/poky-H3-M3-M3N/sysroots/aarch64-poky-linux/usr/include/features.h:397:4: warning: #warning _FORTIFY_SOURCE requires compiling with optimization (-O) [-Wcpp]
  397 | #  warning _FORTIFY_SOURCE requires compiling with optimization (-O)
      |    ^~~~~~~
In file included from /home/warq/poky-toolchain/poky-H3-M3-M3N/sysroots/aarch64-poky-linux/usr/include/bits/libc-header-start.h:33,
                 from /home/warq/poky-toolchain/poky-H3-M3-M3N/sysroots/aarch64-poky-linux/usr/include/stdlib.h:25,
                 from conftest.c:11:
/home/warq/poky-toolchain/poky-H3-M3-M3N/sysroots/aarch64-poky-linux/usr/include/features.h:397:4: warning: #warning _FORTIFY_SOURCE requires compiling with optimization (-O) [-Wcpp]
  397 | #  warning _FORTIFY_SOURCE requires compiling with optimization (-O)
      |    ^~~~~~~
configure:7722: result: yes
configure:7735: checking for sys/types.h
configure:7735: aarch64-poky-linux-gcc  -march=armv8-a -mtune=cortex-a57.cortex-a53 -fstack-protector-strong  -D_FORTIFY_SOURCE=2 -Wformat -Wformat-security -Werror=format-security --sysroot=/home/warq/poky-toolchain/poky-H3-M3-M3N/sysroots/aarch64-poky-linux -c  -O2 -pipe -g -feliminate-unused-debug-types   conftest.c >&5
configure:7735: $? = 0
configure:7735: result: yes
configure:7735: checking for sys/stat.h
configure:7735: aarch64-poky-linux-gcc  -march=armv8-a -mtune=cortex-a57.cortex-a53 -fstack-protector-strong  -D_FORTIFY_SOURCE=2 -Wformat -Wformat-security -Werror=format-security --sysroot=/home/warq/poky-toolchain/poky-H3-M3-M3N/sysroots/aarch64-poky-linux -c  -O2 -pipe -g -feliminate-unused-debug-types   conftest.c >&5
configure:7735: $? = 0
configure:7735: result: yes
configure:7735: checking for stdlib.h
configure:7735: aarch64-poky-linux-gcc  -march=armv8-a -mtune=cortex-a57.cortex-a53 -fstack-protector-strong  -D_FORTIFY_SOURCE=2 -Wformat -Wformat-security -Werror=format-security --sysroot=/home/warq/poky-toolchain/poky-H3-M3-M3N/sysroots/aarch64-poky-linux -c  -O2 -pipe -g -feliminate-unused-debug-types   conftest.c >&5
configure:7735: $? = 0
configure:7735: result: yes
configure:7735: checking for string.h
configure:7735: aarch64-poky-linux-gcc  -march=armv8-a -mtune=cortex-a57.cortex-a53 -fstack-protector-strong  -D_FORTIFY_SOURCE=2 -Wformat -Wformat-security -Werror=format-security --sysroot=/home/warq/poky-toolchain/poky-H3-M3-M3N/sysroots/aarch64-poky-linux -c  -O2 -pipe -g -feliminate-unused-debug-types   conftest.c >&5
configure:7735: $? = 0
configure:7735: result: yes
configure:7735: checking for memory.h
configure:7735: aarch64-poky-linux-gcc  -march=armv8-a -mtune=cortex-a57.cortex-a53 -fstack-protector-strong  -D_FORTIFY_SOURCE=2 -Wformat -Wformat-security -Werror=format-security --sysroot=/home/warq/poky-toolchain/poky-H3-M3-M3N/sysroots/aarch64-poky-linux -c  -O2 -pipe -g -feliminate-unused-debug-types   conftest.c >&5
configure:7735: $? = 0
configure:7735: result: yes
configure:7735: checking for strings.h
configure:7735: aarch64-poky-linux-gcc  -march=armv8-a -mtune=cortex-a57.cortex-a53 -fstack-protector-strong  -D_FORTIFY_SOURCE=2 -Wformat -Wformat-security -Werror=format-security --sysroot=/home/warq/poky-toolchain/poky-H3-M3-M3N/sysroots/aarch64-poky-linux -c  -O2 -pipe -g -feliminate-unused-debug-types   conftest.c >&5
configure:7735: $? = 0
configure:7735: result: yes
configure:7735: checking for inttypes.h
configure:7735: aarch64-poky-linux-gcc  -march=armv8-a -mtune=cortex-a57.cortex-a53 -fstack-protector-strong  -D_FORTIFY_SOURCE=2 -Wformat -Wformat-security -Werror=format-security --sysroot=/home/warq/poky-toolchain/poky-H3-M3-M3N/sysroots/aarch64-poky-linux -c  -O2 -pipe -g -feliminate-unused-debug-types   conftest.c >&5
configure:7735: $? = 0
configure:7735: result: yes
configure:7735: checking for stdint.h
configure:7735: aarch64-poky-linux-gcc  -march=armv8-a -mtune=cortex-a57.cortex-a53 -fstack-protector-strong  -D_FORTIFY_SOURCE=2 -Wformat -Wformat-security -Werror=format-security --sysroot=/home/warq/poky-toolchain/poky-H3-M3-M3N/sysroots/aarch64-poky-linux -c  -O2 -pipe -g -feliminate-unused-debug-types   conftest.c >&5
configure:7735: $? = 0
configure:7735: result: yes
configure:7735: checking for unistd.h
configure:7735: aarch64-poky-linux-gcc  -march=armv8-a -mtune=cortex-a57.cortex-a53 -fstack-protector-strong  -D_FORTIFY_SOURCE=2 -Wformat -Wformat-security -Werror=format-security --sysroot=/home/warq/poky-toolchain/poky-H3-M3-M3N/sysroots/aarch64-poky-linux -c  -O2 -pipe -g -feliminate-unused-debug-types   conftest.c >&5
configure:7735: $? = 0
configure:7735: result: yes
configure:7749: checking for dlfcn.h
configure:7749: aarch64-poky-linux-gcc  -march=armv8-a -mtune=cortex-a57.cortex-a53 -fstack-protector-strong  -D_FORTIFY_SOURCE=2 -Wformat -Wformat-security -Werror=format-security --sysroot=/home/warq/poky-toolchain/poky-H3-M3-M3N/sysroots/aarch64-poky-linux -c  -O2 -pipe -g -feliminate-unused-debug-types   conftest.c >&5
configure:7749: $? = 0
configure:7749: result: yes
configure:8006: checking for objdir
configure:8021: result: .libs
configure:8281: checking if aarch64-poky-linux-gcc  -march=armv8-a -mtune=cortex-a57.cortex-a53 -fstack-protector-strong  -D_FORTIFY_SOURCE=2 -Wformat -Wformat-security -Werror=format-security --sysroot=/home/warq/poky-toolchain/poky-H3-M3-M3N/sysroots/aarch64-poky-linux supports -fno-rtti -fno-exceptions
configure:8299: aarch64-poky-linux-gcc  -march=armv8-a -mtune=cortex-a57.cortex-a53 -fstack-protector-strong  -D_FORTIFY_SOURCE=2 -Wformat -Wformat-security -Werror=format-security --sysroot=/home/warq/poky-toolchain/poky-H3-M3-M3N/sysroots/aarch64-poky-linux -c  -O2 -pipe -g -feliminate-unused-debug-types   -fno-rtti -fno-exceptions conftest.c >&5
cc1: warning: command line option '-fno-rtti' is valid for C++/D/ObjC++ but not for C
configure:8303: $? = 0
configure:8316: result: no
configure:8674: checking for aarch64-poky-linux-gcc  -march=armv8-a -mtune=cortex-a57.cortex-a53 -fstack-protector-strong  -D_FORTIFY_SOURCE=2 -Wformat -Wformat-security -Werror=format-security --sysroot=/home/warq/poky-toolchain/poky-H3-M3-M3N/sysroots/aarch64-poky-linux option to produce PIC
configure:8681: result: -fPIC -DPIC
configure:8689: checking if aarch64-poky-linux-gcc  -march=armv8-a -mtune=cortex-a57.cortex-a53 -fstack-protector-strong  -D_FORTIFY_SOURCE=2 -Wformat -Wformat-security -Werror=format-security --sysroot=/home/warq/poky-toolchain/poky-H3-M3-M3N/sysroots/aarch64-poky-linux PIC flag -fPIC -DPIC works
configure:8707: aarch64-poky-linux-gcc  -march=armv8-a -mtune=cortex-a57.cortex-a53 -fstack-protector-strong  -D_FORTIFY_SOURCE=2 -Wformat -Wformat-security -Werror=format-security --sysroot=/home/warq/poky-toolchain/poky-H3-M3-M3N/sysroots/aarch64-poky-linux -c  -O2 -pipe -g -feliminate-unused-debug-types   -fPIC -DPIC -DPIC conftest.c >&5
configure:8711: $? = 0
configure:8724: result: yes
configure:8753: checking if aarch64-poky-linux-gcc  -march=armv8-a -mtune=cortex-a57.cortex-a53 -fstack-protector-strong  -D_FORTIFY_SOURCE=2 -Wformat -Wformat-security -Werror=format-security --sysroot=/home/warq/poky-toolchain/poky-H3-M3-M3N/sysroots/aarch64-poky-linux static flag -static works
configure:8781: result: yes
configure:8796: checking if aarch64-poky-linux-gcc  -march=armv8-a -mtune=cortex-a57.cortex-a53 -fstack-protector-strong  -D_FORTIFY_SOURCE=2 -Wformat -Wformat-security -Werror=format-security --sysroot=/home/warq/poky-toolchain/poky-H3-M3-M3N/sysroots/aarch64-poky-linux supports -c -o file.o
configure:8817: aarch64-poky-linux-gcc  -march=armv8-a -mtune=cortex-a57.cortex-a53 -fstack-protector-strong  -D_FORTIFY_SOURCE=2 -Wformat -Wformat-security -Werror=format-security --sysroot=/home/warq/poky-toolchain/poky-H3-M3-M3N/sysroots/aarch64-poky-linux -c  -O2 -pipe -g -feliminate-unused-debug-types   -o out/conftest2.o conftest.c >&5
configure:8821: $? = 0
configure:8843: result: yes
configure:8851: checking if aarch64-poky-linux-gcc  -march=armv8-a -mtune=cortex-a57.cortex-a53 -fstack-protector-strong  -D_FORTIFY_SOURCE=2 -Wformat -Wformat-security -Werror=format-security --sysroot=/home/warq/poky-toolchain/poky-H3-M3-M3N/sysroots/aarch64-poky-linux supports -c -o file.o
configure:8898: result: yes
configure:8931: checking whether the aarch64-poky-linux-gcc  -march=armv8-a -mtune=cortex-a57.cortex-a53 -fstack-protector-strong  -D_FORTIFY_SOURCE=2 -Wformat -Wformat-security -Werror=format-security --sysroot=/home/warq/poky-toolchain/poky-H3-M3-M3N/sysroots/aarch64-poky-linux linker (aarch64-poky-linux-ld  --sysroot=/home/warq/poky-toolchain/poky-H3-M3-M3N/sysroots/aarch64-poky-linux) supports shared libraries
configure:10190: result: yes
configure:10227: checking whether -lc should be explicitly linked in
configure:10235: aarch64-poky-linux-gcc  -march=armv8-a -mtune=cortex-a57.cortex-a53 -fstack-protector-strong  -D_FORTIFY_SOURCE=2 -Wformat -Wformat-security -Werror=format-security --sysroot=/home/warq/poky-toolchain/poky-H3-M3-M3N/sysroots/aarch64-poky-linux -c  -O2 -pipe -g -feliminate-unused-debug-types   conftest.c >&5
configure:10238: $? = 0
configure:10253: aarch64-poky-linux-gcc  -march=armv8-a -mtune=cortex-a57.cortex-a53 -fstack-protector-strong  -D_FORTIFY_SOURCE=2 -Wformat -Wformat-security -Werror=format-security --sysroot=/home/warq/poky-toolchain/poky-H3-M3-M3N/sysroots/aarch64-poky-linux -shared  -fPIC -DPIC conftest.o  -v -Wl,-soname -Wl,conftest -o conftest 2\>\&1 \| /usr/bin/grep  -lc  \>/dev/null 2\>\&1
configure:10256: $? = 0
configure:10270: result: no
configure:10430: checking dynamic linker characteristics
configure:11011: aarch64-poky-linux-gcc  -march=armv8-a -mtune=cortex-a57.cortex-a53 -fstack-protector-strong  -D_FORTIFY_SOURCE=2 -Wformat -Wformat-security -Werror=format-security --sysroot=/home/warq/poky-toolchain/poky-H3-M3-M3N/sysroots/aarch64-poky-linux -o conftest  -O2 -pipe -g -feliminate-unused-debug-types   -Wl,-O1 -Wl,--hash-style=gnu -Wl,--as-needed -fstack-protector-strong -Wl,-z,relro,-z,now -Wl,-rpath -Wl,/foo conftest.c  >&5
configure:11011: $? = 0
configure:11248: result: GNU/Linux ld.so
configure:11370: checking how to hardcode library paths into programs
configure:11395: result: immediate
configure:11943: checking whether stripping libraries is possible
configure:11948: result: yes
configure:11983: checking if libtool supports shared libraries
configure:11985: result: yes
configure:11988: checking whether to build shared libraries
configure:12013: result: yes
configure:12016: checking whether to build static libraries
configure:12020: result: yes
configure:8854: checking for stdlib.h
configure:8854: result: yes
configure:8854: checking for string.h
configure:8854: result: yes
configure:8854: checking for unistd.h
configure:8854: result: yes
configure:8866: checking for int32_t
configure:8866: aarch64-poky-linux-gcc  -march=armv8-a -mtune=cortex-a57.cortex-a53 -fstack-protector-strong  -D_FORTIFY_SOURCE=2 -Wformat -Wformat-security -Werror=format-security --sysroot=/home/warq/poky-toolchain/poky-H3-M3-M3N/sysroots/aarch64-poky-linux -c  -O2 -pipe -g -feliminate-unused-debug-types   conftest.c >&5
configure:8866: $? = 0
configure:8866: aarch64-poky-linux-gcc  -march=armv8-a -mtune=cortex-a57.cortex-a53 -fstack-protector-strong  -D_FORTIFY_SOURCE=2 -Wformat -Wformat-security -Werror=format-security --sysroot=/home/warq/poky-toolchain/poky-H3-M3-M3N/sysroots/aarch64-poky-linux -c  -O2 -pipe -g -feliminate-unused-debug-types   conftest.c >&5
conftest.c: In function 'main':
conftest.c:64:53: warning: integer overflow in expression of type 'int' results in '-2147483648' [-Woverflow]
   64 |    < (int32_t) (((((int32_t) 1 << N) << N) - 1) * 2 + 2))];
      |                                                     ^
conftest.c:63:12: error: storage size of 'test_array' isn't constant
   63 | static int test_array [1 - 2 * !((int32_t) (((((int32_t) 1 << N) << N) - 1) * 2 + 1)
      |            ^~~~~~~~~~
configure:8866: $? = 1
configure: failed program was:
| /* confdefs.h */
| #define PACKAGE_NAME "simple-egl-leak"
| #define PACKAGE_TARNAME "simple-egl-leak"
| #define PACKAGE_VERSION "1.0.0"
| #define PACKAGE_STRING "simple-egl-leak 1.0.0"
| #define PACKAGE_BUGREPORT "https://www.renesas.com/"
| #define PACKAGE_URL ""
| #define PACKAGE "simple-egl-leak"
| #define VERSION "1.0.0"
| #define STDC_HEADERS 1
| #define HAVE_SYS_TYPES_H 1
| #define HAVE_SYS_STAT_H 1
| #define HAVE_STDLIB_H 1
| #define HAVE_STRING_H 1
| #define HAVE_MEMORY_H 1
| #define HAVE_STRINGS_H 1
| #define HAVE_INTTYPES_H 1
| #define HAVE_STDINT_H 1
| #define HAVE_UNISTD_H 1
| #define HAVE_DLFCN_H 1
| #define LT_OBJDIR ".libs/"
| #define HAVE_STDLIB_H 1
| #define HAVE_STRING_H 1
| #define HAVE_UNISTD_H 1
| /* end confdefs.h.  */
| #include <stdio.h>
| #ifdef HAVE_SYS_TYPES_H
| # include <sys/types.h>
| #endif
| #ifdef HAVE_SYS_STAT_H
| # include <sys/stat.h>
| #endif
| #ifdef STDC_HEADERS
| # include <stdlib.h>
| # include <stddef.h>
| #else
| # ifdef HAVE_STDLIB_H
| #  include <stdlib.h>
| # endif
| #endif
| #ifdef HAVE_STRING_H
| # if !defined STDC_HEADERS && defined HAVE_MEMORY_H
| #  include <memory.h>
| # endif
| # include <string.h>
| #endif
| #ifdef HAVE_STRINGS_H
| # include <strings.h>
| #endif
| #ifdef HAVE_INTTYPES_H
| # include <inttypes.h>
| #endif
| #ifdef HAVE_STDINT_H
| # include <stdint.h>
| #endif
| #ifdef HAVE_UNISTD_H
| # include <unistd.h>
| #endif
| 	        enum { N = 32 / 2 - 1 };
| int
| main ()
| {
| static int test_array [1 - 2 * !((int32_t) (((((int32_t) 1 << N) << N) - 1) * 2 + 1)
| 		 < (int32_t) (((((int32_t) 1 << N) << N) - 1) * 2 + 2))];
| test_array [0] = 0;
| return test_array [0];
| 
|   ;
|   return 0;
| }
configure:8866: result: yes
configure:8877: checking for size_t
configure:8877: aarch64-poky-linux-gcc  -march=armv8-a -mtune=cortex-a57.cortex-a53 -fstack-protector-strong  -D_FORTIFY_SOURCE=2 -Wformat -Wformat-security -Werror=format-security --sysroot=/home/warq/poky-toolchain/poky-H3-M3-M3N/sysroots/aarch64-poky-linux -c  -O2 -pipe -g -feliminate-unused-debug-types   conftest.c >&5
configure:8877: $? = 0
configure:8877: aarch64-poky-linux-gcc  -march=armv8-a -mtune=cortex-a57.cortex-a53 -fstack-protector-strong  -D_FORTIFY_SOURCE=2 -Wformat -Wformat-security -Werror=format-security --sysroot=/home/warq/poky-toolchain/poky-H3-M3-M3N/sysroots/aarch64-poky-linux -c  -O2 -pipe -g -feliminate-unused-debug-types   conftest.c >&5
conftest.c: In function 'main':
conftest.c:62:21: error: expected expression before ')' token
   62 | if (sizeof ((size_t)))
      |                     ^
configure:8877: $? = 1
configure: failed program was:
| /* confdefs.h */
| #define PACKAGE_NAME "simple-egl-leak"
| #define PACKAGE_TARNAME "simple-egl-leak"
| #define PACKAGE_VERSION "1.0.0"
| #define PACKAGE_STRING "simple-egl-leak 1.0.0"
| #define PACKAGE_BUGREPORT "https://www.renesas.com/"
| #define PACKAGE_URL ""
| #define PACKAGE "simple-egl-leak"
| #define VERSION "1.0.0"
| #define STDC_HEADERS 1
| #define HAVE_SYS_TYPES_H 1
| #define HAVE_SYS_STAT_H 1
| #define HAVE_STDLIB_H 1
| #define HAVE_STRING_H 1
| #define HAVE_MEMORY_H 1
| #define HAVE_STRINGS_H 1
| #define HAVE_INTTYPES_H 1
| #define HAVE_STDINT_H 1
| #define HAVE_UNISTD_H 1
| #define HAVE_DLFCN_H 1
| #define LT_OBJDIR ".libs/"
| #define HAVE_STDLIB_H 1
| #define HAVE_STRING_H 1
| #define HAVE_UNISTD_H 1
| /* end confdefs.h.  */
| #include <stdio.h>
| #ifdef HAVE_SYS_TYPES_H
| # include <sys/types.h>
| #endif
| #ifdef HAVE_SYS_STAT_H
| # include <sys/stat.h>
| #endif
| #ifdef STDC_HEADERS
| # include <stdlib.h>
| # include <stddef.h>
| #else
| # ifdef HAVE_STDLIB_H
| #  include <stdlib.h>
| # endif
| #endif
| #ifdef HAVE_STRING_H
| # if !defined STDC_HEADERS && defined HAVE_MEMORY_H
| #  include <memory.h>
| # endif
| # include <string.h>
| #endif
| #ifdef HAVE_STRINGS_H
| # include <strings.h>
| #endif
| #ifdef HAVE_INTTYPES_H
| # include <inttypes.h>
| #endif
| #ifdef HAVE_STDINT_H
| # include <stdint.h>
| #endif
| #ifdef HAVE_UNISTD_H
| # include <unistd.h>
| #endif
| int
| main ()
| {
| if (sizeof ((size_t)))
| 	    return 0;
|   ;
|   return 0;
| }
configure:8877: result: yes
configure:8888: checking for uint32_t
configure:8888: aarch64-poky-linux-gcc  -march=armv8-a -mtune=cortex-a57.cortex-a53 -fstack-protector-strong  -D_FORTIFY_SOURCE=2 -Wformat -Wformat-security -Werror=format-security --sysroot=/home/warq/poky-toolchain/poky-H3-M3-M3N/sysroots/aarch64-poky-linux -c  -O2 -pipe -g -feliminate-unused-debug-types   conftest.c >&5
configure:8888: $? = 0
configure:8888: result: yes
configure:8933: checking for aarch64-poky-linux-pkg-config
configure:8966: result: no
configure:8976: checking for pkg-config
configure:8994: found /home/warq/poky-toolchain/poky-H3-M3-M3N/sysroots/x86_64-pokysdk-linux/usr/bin/pkg-config
configure:9006: result: /home/warq/poky-toolchain/poky-H3-M3-M3N/sysroots/x86_64-pokysdk-linux/usr/bin/pkg-config
configure:9031: checking pkg-config is at least version 0.9.0
configure:9034: result: yes
configure:9044: checking for egl glesv2 wayland-client wayland-egl wayland-cursor
configure:9051: $PKG_CONFIG --exists --print-errors "egl glesv2 wayland-client wayland-egl wayland-cursor"
configure:9054: $? = 0
configure:9068: $PKG_CONFIG --exists --print-errors "egl glesv2 wayland-client wayland-egl wayland-cursor"
configure:9071: $? = 0
configure:9129: result: yes
configure:9138: checking for stdlib.h
configure:9138: result: yes
configure:9148: checking for GNU libc compatible malloc
configure:9182: result: yes
configure:9205: checking for gettimeofday
configure:9205: aarch64-poky-linux-gcc  -march=armv8-a -mtune=cortex-a57.cortex-a53 -fstack-protector-strong  -D_FORTIFY_SOURCE=2 -Wformat -Wformat-security -Werror=format-security --sysroot=/home/warq/poky-toolchain/poky-H3-M3-M3N/sysroots/aarch64-poky-linux -o conftest  -O2 -pipe -g -feliminate-unused-debug-types   -Wl,-O1 -Wl,--hash-style=gnu -Wl,--as-needed -fstack-protector-strong -Wl,-z,relro,-z,now conftest.c  >&5
configure:9205: $? = 0
configure:9205: result: yes
configure:9218: checking for libdrm
configure:9225: $PKG_CONFIG --exists --print-errors "libdrm"
configure:9228: $? = 0
configure:9242: $PKG_CONFIG --exists --print-errors "libdrm"
configure:9245: $? = 0
configure:9303: result: yes
configure:9309: checking for libkms
configure:9316: $PKG_CONFIG --exists --print-errors "libkms"
configure:9319: $? = 0
configure:9333: $PKG_CONFIG --exists --print-errors "libkms"
configure:9336: $? = 0
configure:9394: result: yes
configure:9400: checking for wayland-protocols >= 1.2
configure:9407: $PKG_CONFIG --exists --print-errors "wayland-protocols >= 1.2"
configure:9410: $? = 0
configure:9424: $PKG_CONFIG --exists --print-errors "wayland-protocols >= 1.2"
configure:9427: $? = 0
configure:9485: result: yes
configure:9491: checking for wayland-protocols > 1.10
configure:9498: $PKG_CONFIG --exists --print-errors "wayland-protocols > 1.10"
configure:9501: $? = 0
configure:9515: $PKG_CONFIG --exists --print-errors "wayland-protocols > 1.10"
configure:9518: $? = 0
configure:9558: result: yes
configure:9566: checking for wayland-scanner
configure:9584: found /home/warq/poky-toolchain/poky-H3-M3-M3N/sysroots/x86_64-pokysdk-linux/usr/bin/wayland-scanner
configure:9596: result: /home/warq/poky-toolchain/poky-H3-M3-M3N/sysroots/x86_64-pokysdk-linux/usr/bin/wayland-scanner
configure:9736: creating ./config.status

## ---------------------- ##
## Running config.status. ##
## ---------------------- ##

This file was extended by simple-egl-leak config.status 1.0.0, which was
generated by GNU Autoconf 2.69.  Invocation command line was

  CONFIG_FILES    = 
  CONFIG_HEADERS  = 
  CONFIG_LINKS    = 
  CONFIG_COMMANDS = 
  $ ./config.status 

on Vietnam-4485

config.status:1073: creating Makefile
config.status:1073: creating config.h
config.status:1302: executing depfiles commands
config.status:1379: cd .       && sed -e '/# am--include-marker/d' Makefile         | make -f - am--depfiles
config.status:1384: $? = 0
config.status:1302: executing libtool commands

## ---------------- ##
## Cache variables. ##
## ---------------- ##

ac_cv___va_copy=yes
ac_cv_af_unix_large_dgram=yes
ac_cv_alignof_char=1
ac_cv_alignof_dbind_pointer=8
ac_cv_alignof_dbind_struct=1
ac_cv_alignof_dbus_bool_t=4
ac_cv_alignof_dbus_int16_t=2
ac_cv_alignof_dbus_int32_t=4
ac_cv_alignof_dbus_int64_t=8
ac_cv_alignof_double=8
ac_cv_alignof_guint32=4
ac_cv_alignof_guint64=8
ac_cv_alignof_unsigned_long=8
ac_cv_buggy_getaddrinfo=no
ac_cv_build=x86_64-pc-linux-gnu
ac_cv_c_bigendian=no
ac_cv_c_compiler_gnu=yes
ac_cv_c_endian=little
ac_cv_c_int32_t=yes
ac_cv_c_littleendian=yes
ac_cv_c_long_double=yes
ac_cv_c_uint32_t=yes
ac_cv_check_sjlj=ssjlj
ac_cv_conv_longlong_to_float=yes
ac_cv_dirent_have_space_d_name=yes
ac_cv_env_CC_set=set
ac_cv_env_CC_value='aarch64-poky-linux-gcc  -march=armv8-a -mtune=cortex-a57.cortex-a53 -fstack-protector-strong  -D_FORTIFY_SOURCE=2 -Wformat -Wformat-security -Werror=format-security --sysroot=/home/warq/poky-toolchain/poky-H3-M3-M3N/sysroots/aarch64-poky-linux'
ac_cv_env_CFLAGS_set=set
ac_cv_env_CFLAGS_value=' -O2 -pipe -g -feliminate-unused-debug-types '
ac_cv_env_CPPFLAGS_set=set
ac_cv_env_CPPFLAGS_value=
ac_cv_env_CPP_set=set
ac_cv_env_CPP_value='aarch64-poky-linux-gcc -E  -march=armv8-a -mtune=cortex-a57.cortex-a53 -fstack-protector-strong  -D_FORTIFY_SOURCE=2 -Wformat -Wformat-security -Werror=format-security --sysroot=/home/warq/poky-toolchain/poky-H3-M3-M3N/sysroots/aarch64-poky-linux'
ac_cv_env_DRM_CFLAGS_set=
ac_cv_env_DRM_CFLAGS_value=
ac_cv_env_DRM_LIBS_set=
ac_cv_env_DRM_LIBS_value=
ac_cv_env_KMS_CFLAGS_set=
ac_cv_env_KMS_CFLAGS_value=
ac_cv_env_KMS_LIBS_set=
ac_cv_env_KMS_LIBS_value=
ac_cv_env_LDFLAGS_set=set
ac_cv_env_LDFLAGS_value='-Wl,-O1 -Wl,--hash-style=gnu -Wl,--as-needed -fstack-protector-strong -Wl,-z,relro,-z,now'
ac_cv_env_LIBS_set=
ac_cv_env_LIBS_value=
ac_cv_env_LT_SYS_LIBRARY_PATH_set=
ac_cv_env_LT_SYS_LIBRARY_PATH_value=
ac_cv_env_PKG_CONFIG_LIBDIR_set=
ac_cv_env_PKG_CONFIG_LIBDIR_value=
ac_cv_env_PKG_CONFIG_PATH_set=set
ac_cv_env_PKG_CONFIG_PATH_value=/home/warq/poky-toolchain/poky-H3-M3-M3N/sysroots/aarch64-poky-linux/usr/lib/pkgconfig:/home/warq/poky-toolchain/poky-H3-M3-M3N/sysroots/aarch64-poky-linux/usr/share/pkgconfig
ac_cv_env_PKG_CONFIG_set=
ac_cv_env_PKG_CONFIG_value=
ac_cv_env_SIMPLE_EGL_CLIENT_CFLAGS_set=
ac_cv_env_SIMPLE_EGL_CLIENT_CFLAGS_value=
ac_cv_env_SIMPLE_EGL_CLIENT_LIBS_set=
ac_cv_env_SIMPLE_EGL_CLIENT_LIBS_value=
ac_cv_env_WAYLAND_PROTOCOLS_CFLAGS_set=
ac_cv_env_WAYLAND_PROTOCOLS_CFLAGS_value=
ac_cv_env_WAYLAND_PROTOCOLS_LIBS_set=
ac_cv_env_WAYLAND_PROTOCOLS_LIBS_value=
ac_cv_env_build_alias_set=set
ac_cv_env_build_alias_value=x86_64-linux
ac_cv_env_host_alias_set=set
ac_cv_env_host_alias_value=aarch64-poky-linux
ac_cv_env_target_alias_set=set
ac_cv_env_target_alias_value=aarch64-poky-linux
ac_cv_epoll_works=yes
ac_cv_file__dev_random=yes
ac_cv_file__dev_zero=yes
ac_cv_func___va_copy=yes
ac_cv_func_calloc_0_nonnull=yes
ac_cv_func_chown_works=yes
ac_cv_func_fnmatch_works=yes
ac_cv_func_getaddrinfo=yes
ac_cv_func_getgrgid_r=yes
ac_cv_func_getgroups_works=yes
ac_cv_func_getpagesize=yes
ac_cv_func_getpgrp_void=yes
ac_cv_func_getpwuid_r=yes
ac_cv_func_gettimeofday=yes
ac_cv_func_lstat_dereferences_slashed_symlink=yes
ac_cv_func_lstat_empty_string_bug=no
ac_cv_func_malloc_0_nonnull=yes
ac_cv_func_malloc_works=yes
ac_cv_func_memcmp_working=yes
ac_cv_func_memcpy=yes
ac_cv_func_mmap_fixed_mapped=yes
ac_cv_func_posix_getgrgid_r=yes
ac_cv_func_posix_getpwnam_r=yes
ac_cv_func_posix_getpwuid_r=yes
ac_cv_func_printf_unix98=yes
ac_cv_func_pthread_attr_getstack=yes
ac_cv_func_pthread_key_delete=yes
ac_cv_func_realloc_0_nonnull=yes
ac_cv_func_realloc_works=yes
ac_cv_func_setgrent_void=yes
ac_cv_func_setpgrp_void=yes
ac_cv_func_setresuid=yes
ac_cv_func_snprintf_c99=yes
ac_cv_func_stat_empty_string_bug=no
ac_cv_func_stat_ignores_trailing_slash=no
ac_cv_func_strerror=yes
ac_cv_func_strtod=yes
ac_cv_func_utime_null=yes
ac_cv_func_va_copy=yes
ac_cv_func_vsnprintf_c99=yes
ac_cv_have_abstract_sockets=yes
ac_cv_have_accrights_in_msghdr=no
ac_cv_have_broken_snprintf=no
ac_cv_have_control_in_msghdr=yes
ac_cv_have_decl_sys_siglist=no
ac_cv_have_long_long_format=yes
ac_cv_have_openpty_ctty_bug=yes
ac_cv_have_space_d_name_in_struct_dirent=yes
ac_cv_header_dlfcn_h=yes
ac_cv_header_inttypes_h=yes
ac_cv_header_memory_h=yes
ac_cv_header_stdc=yes
ac_cv_header_stdint_h=yes
ac_cv_header_stdlib_h=yes
ac_cv_header_string_h=yes
ac_cv_header_strings_h=yes
ac_cv_header_sys_stat_h=yes
ac_cv_header_sys_types_h=yes
ac_cv_header_unistd_h=yes
ac_cv_host=aarch64-poky-linux-gnu
ac_cv_ispeed_offset=13
ac_cv_lib_png_png_create_info_struct=yes
ac_cv_libiconv_utf8=yes
ac_cv_libnet_endianess=lil
ac_cv_linux_vers=2
ac_cv_need_trio=no
ac_cv_o_nonblock_inherited=no
ac_cv_objext=o
ac_cv_path_EGREP='/usr/bin/grep -E'
ac_cv_path_FGREP='/usr/bin/grep -F'
ac_cv_path_GREP=/usr/bin/grep
ac_cv_path_SED=sed
ac_cv_path_ac_pt_PKG_CONFIG=/home/warq/poky-toolchain/poky-H3-M3-M3N/sysroots/x86_64-pokysdk-linux/usr/bin/pkg-config
ac_cv_path_install='/usr/bin/install -c'
ac_cv_path_lt_DD=/usr/bin/dd
ac_cv_path_mkdir=/usr/bin/mkdir
ac_cv_path_wayland_scanner=/home/warq/poky-toolchain/poky-H3-M3-M3N/sysroots/x86_64-pokysdk-linux/usr/bin/wayland-scanner
ac_cv_pread=no
ac_cv_prog_AR=aarch64-poky-linux-ar
ac_cv_prog_AWK=gawk
ac_cv_prog_CC='aarch64-poky-linux-gcc  -march=armv8-a -mtune=cortex-a57.cortex-a53 -fstack-protector-strong  -D_FORTIFY_SOURCE=2 -Wformat -Wformat-security -Werror=format-security --sysroot=/home/warq/poky-toolchain/poky-H3-M3-M3N/sysroots/aarch64-poky-linux'
ac_cv_prog_CPP='aarch64-poky-linux-gcc -E  -march=armv8-a -mtune=cortex-a57.cortex-a53 -fstack-protector-strong  -D_FORTIFY_SOURCE=2 -Wformat -Wformat-security -Werror=format-security --sysroot=/home/warq/poky-toolchain/poky-H3-M3-M3N/sysroots/aarch64-poky-linux'
ac_cv_prog_OBJDUMP=aarch64-poky-linux-objdump
ac_cv_prog_RANLIB=aarch64-poky-linux-ranlib
ac_cv_prog_STRIP=aarch64-poky-linux-strip
ac_cv_prog_ac_ct_MANIFEST_TOOL=mt
ac_cv_prog_cc_c89=
ac_cv_prog_cc_g=yes
ac_cv_prog_make_make_set=yes
ac_cv_pwrite=no
ac_cv_regexec_segfault_emptystr=no
ac_cv_sizeof_pid_t=4
ac_cv_sizeof_size_t=8
ac_cv_sizeof_ssize_t=8
ac_cv_sizeof_wchar_t=4
ac_cv_strerror_r_SUSv3=no
ac_cv_sys_restartable_syscalls=yes
ac_cv_type_size_t=yes
ac_cv_type_uid_t='{ac_cv_type_uid_t=yes}'
ac_cv_va_copy=yes
ac_cv_va_val_copy=yes
am_cv_CC_dependencies_compiler_type=gcc3
am_cv_func_working_getline=yes
am_cv_make_support_nested_variables=yes
am_cv_prog_cc_c_o=yes
am_cv_scanf_lld=yes
apr_cv_process_shared_works=no
apr_cv_tcp_nodelay_with_cork=yes
as_cv_unaligned_access=no
bash_cv_dup2_broken=no
bash_cv_func_sigsetjmp=missing
bash_cv_func_strcoll_broken=no
bash_cv_getcwd_calls_popen=no
bash_cv_getcwd_malloc=yes
bash_cv_getenv_redef=yes
bash_cv_have_mbstate_t=yes
bash_cv_job_control_missing=present
bash_cv_must_reinstall_sighandlers=no
bash_cv_opendir_not_robust=no
bash_cv_pgrp_pipe=no
bash_cv_printf_a_format=yes
bash_cv_sys_named_pipes=present
bash_cv_sys_siglist=no
bash_cv_type_rlimit=rlim_t
bash_cv_ulimit_maxfds=yes
bash_cv_under_sys_siglist=no
bash_cv_unusable_rtsigs=no
compat_cv_func_basename_works=no
compat_cv_func_dirname_works=no
compat_cv_func_snprintf_works=yes
cvs_cv_func_printf_ptr=yes
db_cv_align_t='unsigned long long'
db_cv_alignp_t='unsigned long'
db_cv_fcntl_f_setfd=yes
db_cv_path_ar=/usr/bin/ar
db_cv_path_chmod=/bin/chmod
db_cv_path_cp=/bin/cp
db_cv_path_ln=/bin/ln
db_cv_path_mkdir=/bin/mkdir
db_cv_path_ranlib=/usr/bin/ranlib
db_cv_path_rm=/bin/rm
db_cv_path_sh=/bin/sh
db_cv_path_strip=/usr/bin/strip
db_cv_spinlocks=no
db_cv_sprintf_count=yes
ettercap_cv_type_socklen_t=yes
fu_cv_sys_stat_statfs2_bsize=yes
gl_cv_func_btowc_eof=yes
gl_cv_func_fstatat_zero_flag=yes
gl_cv_func_getcwd_abort_bug=no
gl_cv_func_getcwd_null=yes
gl_cv_func_getcwd_path_max=yes
gl_cv_func_link_follows_symlink=no
gl_cv_func_mbrtowc_incomplete_state=yes
gl_cv_func_mbrtowc_nul_retval=yes
gl_cv_func_mbrtowc_null_arg=yes
gl_cv_func_mbrtowc_retval=yes
gl_cv_func_mbrtowc_sanitycheck=yes
gl_cv_func_nanosleep='no (mishandles large arguments)'
gl_cv_func_sleep_works=yes
gl_cv_func_unlink_busy_text=yes
gl_cv_func_wcrtomb_retval=yes
gl_cv_func_wctob_works=yes
gl_cv_func_working_mkstemp=yes
gl_cv_func_working_mktime=yes
gl_cv_func_working_utimes=yes
gl_cv_have_proc_uptime=yes
gl_cv_header_working_fcntl_h=yes
gl_cv_pipes_are_fifos='yes (1)'
glib_cv___va_copy=yes
glib_cv_compliant_posix_memalign=1
glib_cv_has__inline=yes
glib_cv_has__inline__=yes
glib_cv_hasinline=yes
glib_cv_have_qsort_r=yes
glib_cv_long_long_format=ll
glib_cv_rtldglobal_broken=no
glib_cv_sane_realloc=yes
glib_cv_stack_grows=no
glib_cv_strlcpy=no
glib_cv_sys_pthread_cond_timedwait_posix=yes
glib_cv_sys_pthread_getspecific_posix=yes
glib_cv_sys_pthread_mutex_trylock_posix=yes
glib_cv_sys_use_pid_niceness_surrogate=yes
glib_cv_uscore=no
glib_cv_use_pid_surrogate=yes
glib_cv_va_copy=yes
glib_cv_va_val_copy=yes
gt_cv_locale_fr=fr_FR
hw_cv_func_snprintf_c99=yes
hw_cv_func_vsnprintf_c99=yes
jm_cv_func_working_readdir=yes
lf_cv_sane_realloc=yes
lftp_cv_va_val_copy=yes
libIDL_cv_long_long_format=ll
lt_cv_ar_at_file=@
lt_cv_archive_cmds_need_lc=no
lt_cv_deplibs_check_method=pass_all
lt_cv_file_magic_cmd='$MAGIC_CMD'
lt_cv_file_magic_test_file=
lt_cv_ld_reload_flag=-r
lt_cv_nm_interface='BSD nm'
lt_cv_objdir=.libs
lt_cv_path_LD='aarch64-poky-linux-ld  --sysroot=/home/warq/poky-toolchain/poky-H3-M3-M3N/sysroots/aarch64-poky-linux'
lt_cv_path_NM=aarch64-poky-linux-nm
lt_cv_path_mainfest_tool=no
lt_cv_prog_compiler_c_o=yes
lt_cv_prog_compiler_pic='-fPIC -DPIC'
lt_cv_prog_compiler_pic_works=yes
lt_cv_prog_compiler_rtti_exceptions=no
lt_cv_prog_compiler_static_works=yes
lt_cv_prog_gnu_ld=yes
lt_cv_sharedlib_from_linklib_cmd='printf %s\n'
lt_cv_shlibpath_overrides_runpath=no
lt_cv_sys_global_symbol_pipe='sed -n -e '\''s/^.*[	 ]\([ABCDGIRSTW][ABCDGIRSTW]*\)[	 ][	 ]*\([_A-Za-z][_A-Za-z0-9]*\)$/\1 \2 \2/p'\'' | sed '\''/ __gnu_lto/d'\'''
lt_cv_sys_global_symbol_to_c_name_address='sed -n -e '\''s/^: \(.*\) .*$/  {"\1", (void *) 0},/p'\'' -e '\''s/^[ABCDGIRSTW][ABCDGIRSTW]* .* \(.*\)$/  {"\1", (void *) \&\1},/p'\'''
lt_cv_sys_global_symbol_to_c_name_address_lib_prefix='sed -n -e '\''s/^: \(.*\) .*$/  {"\1", (void *) 0},/p'\'' -e '\''s/^[ABCDGIRSTW][ABCDGIRSTW]* .* \(lib.*\)$/  {"\1", (void *) \&\1},/p'\'' -e '\''s/^[ABCDGIRSTW][ABCDGIRSTW]* .* \(.*\)$/  {"lib\1", (void *) \&\1},/p'\'''
lt_cv_sys_global_symbol_to_cdecl='sed -n -e '\''s/^T .* \(.*\)$/extern int \1();/p'\'' -e '\''s/^[ABCDGIRSTW][ABCDGIRSTW]* .* \(.*\)$/extern char \1;/p'\'''
lt_cv_sys_global_symbol_to_import=
lt_cv_sys_max_cmd_len=1572864
lt_cv_to_host_file_cmd=func_convert_file_noop
lt_cv_to_tool_file_cmd=func_convert_file_noop
lt_cv_truncate_bin='/usr/bin/dd bs=4096 count=1'
mr_cv_target_elf=yes
mysql_cv_func_atomic_add=no
mysql_cv_func_atomic_sub=no
nano_cv_func_regexec_segv_emptystr=no
php_cv_lib_cookie_io_functions_use_off64_t=yes
pkg_cv_DRM_CFLAGS=-I/home/warq/poky-toolchain/poky-H3-M3-M3N/sysroots/aarch64-poky-linux/usr/include/libdrm
pkg_cv_DRM_LIBS=-ldrm
pkg_cv_KMS_CFLAGS='-I/home/warq/poky-toolchain/poky-H3-M3-M3N/sysroots/aarch64-poky-linux/usr/include/libkms -I/home/warq/poky-toolchain/poky-H3-M3-M3N/sysroots/aarch64-poky-linux/usr/include/libdrm'
pkg_cv_KMS_LIBS=-lkms
pkg_cv_SIMPLE_EGL_CLIENT_CFLAGS=
pkg_cv_SIMPLE_EGL_CLIENT_LIBS='-lEGL -lGLESv2 -lwayland-egl -lwayland-client -lwayland-cursor'
pkg_cv_WAYLAND_PROTOCOLS_CFLAGS=
pkg_cv_WAYLAND_PROTOCOLS_LIBS=
rsync_cv_HAVE_BROKEN_LARGEFILE=no
rsync_cv_HAVE_BROKEN_READDIR=no
rsync_cv_HAVE_C99_VSNPRINTF=yes
rsync_cv_HAVE_GETTIMEOFDAY_TZ=yes
rsync_cv_HAVE_LONGLONG=yes
rsync_cv_HAVE_OFF64_T=no
rsync_cv_HAVE_SECURE_MKSTEMP=yes
rsync_cv_HAVE_SHORT_INO_T=no
rsync_cv_HAVE_SOCKETPAIR=yes
rsync_cv_HAVE_UNSIGNED_CHAR=no
rsync_cv_REPLACE_INET_ATON=no
rsync_cv_REPLACE_INET_NTOA=no
samba_cv_HAVE_IFACE_AIX=no
samba_cv_HAVE_IFACE_IFCONF=yes
samba_cv_HAVE_IFACE_IFREQ=yes
samba_cv_HAVE_IRIX_SPECIFIC_CAPABILITIES=no
sc_cv_termios_ispeed=yes
screen_cv_sys_bcopy_overlap=no
screen_cv_sys_fifo_broken_impl=yes
screen_cv_sys_fifo_usable=yes
screen_cv_sys_memcpy_overlap=no
screen_cv_sys_memmove_overlap=no
screen_cv_sys_select_broken_retval=no
screen_cv_sys_sockets_nofs=no
screen_cv_sys_sockets_usable=yes
screen_cv_sys_terminfo_used=yes
shadow_cv_logdir='${prefix}/var/log'
shadow_cv_maildir='${prefix}/var/spool/mail'
shadow_cv_mailfile=Mailbox
shadow_cv_passwd_dir='${exec_prefix}/bin'
shadow_cv_utmpdir='${prefix}/var/run'
slrn_cv_va_val_copy=yes
sudo_cv_func_unsetenv_void=no
tcl_cv_api_serial=termios
utils_cv_sys_open_max=1019
xorg_cv_malloc0_returns_null=yes

## ----------------- ##
## Output variables. ##
## ----------------- ##

ACLOCAL='${SHELL} /home/warq/work-rvc/wayland/01_ST_TP/simple-egl-leak/missing aclocal-1.16'
AMDEPBACKSLASH='\'
AMDEP_FALSE='#'
AMDEP_TRUE=''
AMTAR='$${TAR-tar}'
AM_BACKSLASH='\'
AM_DEFAULT_V='$(AM_DEFAULT_VERBOSITY)'
AM_DEFAULT_VERBOSITY='1'
AM_V='$(V)'
AR='aarch64-poky-linux-ar'
AUTOCONF='${SHELL} /home/warq/work-rvc/wayland/01_ST_TP/simple-egl-leak/missing autoconf'
AUTOHEADER='${SHELL} /home/warq/work-rvc/wayland/01_ST_TP/simple-egl-leak/missing autoheader'
AUTOMAKE='${SHELL} /home/warq/work-rvc/wayland/01_ST_TP/simple-egl-leak/missing automake-1.16'
AWK='gawk'
CC='aarch64-poky-linux-gcc  -march=armv8-a -mtune=cortex-a57.cortex-a53 -fstack-protector-strong  -D_FORTIFY_SOURCE=2 -Wformat -Wformat-security -Werror=format-security --sysroot=/home/warq/poky-toolchain/poky-H3-M3-M3N/sysroots/aarch64-poky-linux'
CCDEPMODE='depmode=gcc3'
CFLAGS=' -O2 -pipe -g -feliminate-unused-debug-types '
CPP='aarch64-poky-linux-gcc -E  -march=armv8-a -mtune=cortex-a57.cortex-a53 -fstack-protector-strong  -D_FORTIFY_SOURCE=2 -Wformat -Wformat-security -Werror=format-security --sysroot=/home/warq/poky-toolchain/poky-H3-M3-M3N/sysroots/aarch64-poky-linux'
CPPFLAGS=''
CYGPATH_W='echo'
DEFS='-DHAVE_CONFIG_H'
DEPDIR='.deps'
DLLTOOL='false'
DRM_CFLAGS='-I/home/warq/poky-toolchain/poky-H3-M3-M3N/sysroots/aarch64-poky-linux/usr/include/libdrm'
DRM_LIBS='-ldrm'
DSYMUTIL=''
DUMPBIN=''
ECHO_C=''
ECHO_N='-n'
ECHO_T=''
EGREP='/usr/bin/grep -E'
ENABLE_EGL_FALSE='#'
ENABLE_EGL_TRUE=''
EXEEXT=''
FGREP='/usr/bin/grep -F'
GREP='/usr/bin/grep'
INSTALL_DATA='${INSTALL} -m 644'
INSTALL_PROGRAM='${INSTALL}'
INSTALL_SCRIPT='${INSTALL}'
INSTALL_STRIP_PROGRAM='$(install_sh) -c -s'
KMS_CFLAGS='-I/home/warq/poky-toolchain/poky-H3-M3-M3N/sysroots/aarch64-poky-linux/usr/include/libkms -I/home/warq/poky-toolchain/poky-H3-M3-M3N/sysroots/aarch64-poky-linux/usr/include/libdrm'
KMS_LIBS='-lkms'
LD='aarch64-poky-linux-ld  --sysroot=/home/warq/poky-toolchain/poky-H3-M3-M3N/sysroots/aarch64-poky-linux'
LDFLAGS='-Wl,-O1 -Wl,--hash-style=gnu -Wl,--as-needed -fstack-protector-strong -Wl,-z,relro,-z,now'
LIBOBJS=''
LIBS=''
LIBTOOL='$(top_builddir)/aarch64-poky-linux-libtool'
LIPO=''
LN_S='ln -s'
LTLIBOBJS=''
LT_SYS_LIBRARY_PATH=''
MAKEINFO='${SHELL} /home/warq/work-rvc/wayland/01_ST_TP/simple-egl-leak/missing makeinfo'
MANIFEST_TOOL=':'
MKDIR_P='/usr/bin/mkdir -p'
NM='aarch64-poky-linux-nm'
NMEDIT=''
OBJDUMP='aarch64-poky-linux-objdump'
OBJEXT='o'
OTOOL64=''
OTOOL=''
PACKAGE='simple-egl-leak'
PACKAGE_BUGREPORT='https://www.renesas.com/'
PACKAGE_NAME='simple-egl-leak'
PACKAGE_STRING='simple-egl-leak 1.0.0'
PACKAGE_TARNAME='simple-egl-leak'
PACKAGE_URL=''
PACKAGE_VERSION='1.0.0'
PATH_SEPARATOR=':'
PKG_CONFIG='/home/warq/poky-toolchain/poky-H3-M3-M3N/sysroots/x86_64-pokysdk-linux/usr/bin/pkg-config'
PKG_CONFIG_LIBDIR=''
PKG_CONFIG_PATH='/home/warq/poky-toolchain/poky-H3-M3-M3N/sysroots/aarch64-poky-linux/usr/lib/pkgconfig:/home/warq/poky-toolchain/poky-H3-M3-M3N/sysroots/aarch64-poky-linux/usr/share/pkgconfig'
RANLIB='aarch64-poky-linux-ranlib'
SED='sed'
SET_MAKE=''
SHELL='/bin/bash'
SIMPLE_EGL_CLIENT_CFLAGS=''
SIMPLE_EGL_CLIENT_LIBS='-lEGL -lGLESv2 -lwayland-egl -lwayland-client -lwayland-cursor'
STRIP='aarch64-poky-linux-strip'
VERSION='1.0.0'
WAYLAND_PROTOCOLS_CFLAGS=''
WAYLAND_PROTOCOLS_DATADIR='/home/warq/poky-toolchain/poky-H3-M3-M3N/sysroots/aarch64-poky-linux/usr/share/wayland-protocols'
WAYLAND_PROTOCOLS_LIBS=''
ac_ct_AR=''
ac_ct_CC=''
ac_ct_DUMPBIN=''
am__EXEEXT_FALSE=''
am__EXEEXT_TRUE='#'
am__fastdepCC_FALSE='#'
am__fastdepCC_TRUE=''
am__include='include'
am__isrc=''
am__leading_dot='.'
am__nodep='_no'
am__quote=''
am__tar='$${TAR-tar} chof - "$$tardir"'
am__untar='$${TAR-tar} xf -'
bindir='${exec_prefix}/bin'
build='x86_64-pc-linux-gnu'
build_alias='x86_64-linux'
build_cpu='x86_64'
build_os='linux-gnu'
build_vendor='pc'
datadir='${datarootdir}'
datarootdir='${prefix}/share'
docdir='${datarootdir}/doc/${PACKAGE_TARNAME}'
dvidir='${docdir}'
exec_prefix='${prefix}'
host='aarch64-poky-linux-gnu'
host_alias='aarch64-poky-linux'
host_cpu='aarch64'
host_os='linux-gnu'
host_vendor='poky'
htmldir='${docdir}'
includedir='${prefix}/include'
infodir='${datarootdir}/info'
install_sh='${SHELL} /home/warq/work-rvc/wayland/01_ST_TP/simple-egl-leak/install-sh'
libdir='${exec_prefix}/lib'
libexecdir='${exec_prefix}/libexec'
localedir='${datarootdir}/locale'
localstatedir='${prefix}/var'
mandir='${datarootdir}/man'
mkdir_p='$(MKDIR_P)'
oldincludedir='/usr/include'
pdfdir='${docdir}'
prefix='/usr/local'
program_transform_name='s,x,x,'
psdir='${docdir}'
sbindir='${exec_prefix}/sbin'
sharedstatedir='${prefix}/com'
sysconfdir='${prefix}/etc'
target_alias='aarch64-poky-linux'
wayland_scanner='/home/warq/poky-toolchain/poky-H3-M3-M3N/sysroots/x86_64-pokysdk-linux/usr/bin/wayland-scanner'

## ----------- ##
## confdefs.h. ##
## ----------- ##

/* confdefs.h */
#define PACKAGE_NAME "simple-egl-leak"
#define PACKAGE_TARNAME "simple-egl-leak"
#define PACKAGE_VERSION "1.0.0"
#define PACKAGE_STRING "simple-egl-leak 1.0.0"
#define PACKAGE_BUGREPORT "https://www.renesas.com/"
#define PACKAGE_URL ""
#define PACKAGE "simple-egl-leak"
#define VERSION "1.0.0"
#define STDC_HEADERS 1
#define HAVE_SYS_TYPES_H 1
#define HAVE_SYS_STAT_H 1
#define HAVE_STDLIB_H 1
#define HAVE_STRING_H 1
#define HAVE_MEMORY_H 1
#define HAVE_STRINGS_H 1
#define HAVE_INTTYPES_H 1
#define HAVE_STDINT_H 1
#define HAVE_UNISTD_H 1
#define HAVE_DLFCN_H 1
#define LT_OBJDIR ".libs/"
#define HAVE_STDLIB_H 1
#define HAVE_STRING_H 1
#define HAVE_UNISTD_H 1
#define ENABLE_EGL 1
#define HAVE_STDLIB_H 1
#define HAVE_MALLOC 1
#define HAVE_GETTIMEOFDAY 1

configure: exit 0
